16:23:06.415 [main                     ] DEBUG Logger               - Configured Logger
16:23:06.424 [main                     ] DEBUG GameApplication      - Logging settings
Title: Rancher's Delight
Version: 1.0
Width: 1000
Height: 1000
Fullscreen: false
Intro: false
Profiling: false
Single step:false
App Mode: DEVELOPER
Menu Key: ESCAPE
Stage Style: DECORATED
Scene Factory: class com.almasb.fxgl.app.scene.SceneFactory

16:23:06.688 [JavaFX Application Thread] DEBUG FXGLApplication      - Initializing FXGL
16:23:06.690 [JavaFX Application Thread] INFO  Engine               - FXGL-17.3 (30.03.2023 11.49) on LINUX (J:25.0.2 FX:21.0.6)
16:23:06.690 [JavaFX Application Thread] DEBUG Engine               - JRE Vendor Name: Oracle Corporation
16:23:06.690 [JavaFX Application Thread] DEBUG Engine               - Running on OS: Linux version 6.18.13-arch1-1
16:23:06.690 [JavaFX Application Thread] DEBUG Engine               - Architecture: amd64
16:23:06.690 [JavaFX Application Thread] INFO  Engine               - Source code and latest versions at: https://github.com/AlmasB/FXGL
16:23:06.690 [JavaFX Application Thread] INFO  Engine               -       Ask questions and discuss at: https://github.com/AlmasB/FXGL/discussions
16:23:06.690 [JavaFX Application Thread] INFO  Engine               -              Join the FXGL chat at: https://gitter.im/AlmasB/FXGL
16:23:06.748 [JavaFX Application Thread] DEBUG PrimaryStageWindow   - Creating a JavaFX scene
16:23:06.782 [JavaFX Application Thread] DEBUG PrimaryStageWindow   - Target settings size: 1000.0 x 1000.0
16:23:06.782 [JavaFX Application Thread] DEBUG PrimaryStageWindow   - Scaled scene size:    1000.0 x 1000.0
16:23:06.783 [JavaFX Application Thread] DEBUG PrimaryStageWindow   - Scaled ratio: (1.0, 1.0)
16:23:06.783 [JavaFX Application Thread] DEBUG PrimaryStageWindow   - Set initial scene to FXGLStartupScene
16:23:06.786 [JavaFX Application Thread] DEBUG PrimaryStageWindow   - Opening main window
16:23:06.857 [JavaFX Application Thread] DEBUG PrimaryStageWindow   - Window border size: (0.0, 35.0)
16:23:06.857 [JavaFX Application Thread] DEBUG PrimaryStageWindow   - Scaled size: 1000.0 x 965.0
16:23:06.858 [JavaFX Application Thread] DEBUG PrimaryStageWindow   - Scaled ratio: (1.0, 0.965)
16:23:06.858 [JavaFX Application Thread] DEBUG PrimaryStageWindow   - Scene size: 1000.0 x 1000.0
16:23:06.858 [JavaFX Application Thread] DEBUG PrimaryStageWindow   - Stage size: 1000.0 x 1000.0
16:23:06.862 [FXGL Background Thread 1 ] DEBUG Engine               - Initializing environment variables
16:23:06.891 [FXGL Background Thread 1 ] DEBUG FXGLAssetLoaderServi - User app class for loading assets: class com.example.ranchers_delight.GameApp
16:23:06.891 [FXGL Background Thread 1 ] DEBUG GameApplicationServi - Applying CSS: fxgl_dark.css
16:23:06.892 [FXGL Background Thread 1 ] DEBUG FXGLAssetLoaderServi - Loading from file system: jar:file:///home/alex/.m2/repository/com/github/almasb/fxgl/17.3/fxgl-17.3.jar!/fxglassets/ui/css/fxgl_dark.css
16:23:06.939 [FXGL Background Thread 1 ] DEBUG GameApplicationServi - Initializing application scenes
16:23:06.973 [FXGL Background Thread 1 ] DEBUG GameWorld            - Game world initialized
16:23:07.012 [FXGL Background Thread 1 ] DEBUG PhysicsWorld         - Physics world initialized: appHeight=1000, physics.ppm=50.0
16:23:07.013 [FXGL Background Thread 1 ] DEBUG PhysicsWorld         - Using strategy: BRUTE_FORCE
16:23:07.016 [FXGL Background Thread 1 ] DEBUG GameScene            - Game scene initialized: 1000x1000
16:23:07.027 [FXGL Background Thread 1 ] DEBUG FXGL.DefaultMenu     - createMenuBodyGameMenu()
16:23:07.036 [FXGL Background Thread 1 ] DEBUG FXGL.DefaultMenu     - createOptionsMenu()
16:23:07.047 [FXGL Background Thread 1 ] DEBUG FXGLAssetLoaderServi - Loading from file system: jar:file:///home/alex/.m2/repository/com/github/almasb/fxgl/17.3/fxgl-17.3.jar!/fxglassets/textures/particles/smoke.png
16:23:07.118 [FXGL Background Thread 1 ] DEBUG FXGLAssetLoaderServi - Loading from file system: jar:file:///home/alex/.m2/repository/com/github/almasb/fxgl/17.3/fxgl-17.3.jar!/fxglassets/textures/particles/trace_horizontal.png
16:23:07.142 [FXGL Background Thread 1 ] DEBUG GameApplicationServi - Application scenes initialized
16:23:07.151 [FXGL Background Thread 1 ] DEBUG SystemBundleService  - Loading FXGL system data
16:23:07.153 [FXGL Background Thread 1 ] DEBUG FileSystemAccess     - Reading from: /home/alex/IdeaProjects/ranchers_delight/system/fxgl.bundle
16:23:07.155 [FXGL Background Thread 1 ] DEBUG SystemBundleService  - Bundle FXGL: {}
16:23:07.155 [FXGL Background Thread 1 ] DEBUG UpdaterService       - Checking for updates
16:23:07.159 [FXGL Background Thread 4 ] DEBUG FXGLApplication      - Loading fonts
16:23:07.159 [FXGL Background Thread 4 ] DEBUG FXGLAssetLoaderServi - Loading from file system: jar:file:///home/alex/.m2/repository/com/github/almasb/fxgl/17.3/fxgl-17.3.jar!/fxglassets/ui/fonts/VarelaRound-Regular.ttf
16:23:07.159 [FXGL Background Thread 1 ] DEBUG FXGLApplication      - Loading default localization
16:23:07.160 [FXGL Background Thread 1 ] DEBUG FXGLAssetLoaderServi - Loading from file system: jar:file:///home/alex/.m2/repository/com/github/almasb/fxgl/17.3/fxgl-17.3.jar!/fxglassets/languages/english.lang
16:23:07.165 [FXGL Background Thread 4 ] DEBUG FXGLAssetLoaderServi - Loading from file system: jar:file:///home/alex/.m2/repository/com/github/almasb/fxgl/17.3/fxgl-17.3.jar!/fxglassets/ui/fonts/Abel-Regular.ttf
16:23:07.167 [FXGL Background Thread 4 ] DEBUG FXGLAssetLoaderServi - Loading from file system: jar:file:///home/alex/.m2/repository/com/github/almasb/fxgl/17.3/fxgl-17.3.jar!/fxglassets/ui/fonts/TerminalLandMono-Regular.otf
16:23:07.168 [FXGL Background Thread 4 ] DEBUG FXGLAssetLoaderServi - Loading from file system: jar:file:///home/alex/.m2/repository/com/github/almasb/fxgl/17.3/fxgl-17.3.jar!/fxglassets/ui/fonts/Courier-Prime.ttf
16:23:07.172 [JavaFX Application Thread] DEBUG FXGLApplication      - Registering font factories with UI factory
16:23:07.175 [FXGL Background Thread 1 ] INFO  FXGLApplication      - FXGL initialization took: 0.313 sec
16:23:07.195 [JavaFX Application Thread] DEBUG Input                - Registered new binding: action0 - W
16:23:07.195 [JavaFX Application Thread] DEBUG Input                - Registered new binding: action1 - S
16:23:07.196 [JavaFX Application Thread] DEBUG Input                - Registered new binding: action2 - A
16:23:07.198 [JavaFX Application Thread] DEBUG Input                - Registered new binding: action3 - D
16:23:07.198 [JavaFX Application Thread] DEBUG FXGLAssetLoaderServi - Loading from file system: jar:file:///home/alex/.m2/repository/com/github/almasb/fxgl/17.3/fxgl-17.3.jar!/fxglassets/textures/fxgl_icon.png
16:23:07.220 [JavaFX Application Thread] DEBUG FXGLAssetLoaderServi - Loading from file system: jar:file:///home/alex/.m2/repository/com/github/almasb/fxgl/17.3/fxgl-17.3.jar!/fxglassets/textures/fxgl_default_cursor.png
16:23:07.221 [JavaFX Application Thread] DEBUG Input                - Registered new binding: Screenshot - CTRL+8
16:23:07.222 [JavaFX Application Thread] DEBUG Input                - Registered new binding: System info dump - CTRL+9
16:23:07.222 [JavaFX Application Thread] DEBUG Input                - Registered new binding: Restart - CTRL+R
16:23:07.223 [JavaFX Application Thread] DEBUG Input                - Registered new binding: Toggle Debug Camera - CTRL+7
16:23:07.227 [JavaFX Application Thread] DEBUG LoopRunner           - Starting loop
16:23:07.227 [JavaFX Application Thread] DEBUG LoopRunner           - Initializing JavaFX AnimationTimerLoop
16:23:07.228 [JavaFX Application Thread] DEBUG GameApplicationServi - Starting new game
16:23:07.229 [JavaFX Application Thread] DEBUG Input                - Clearing active input actions
16:23:07.241 [JavaFX Application Thread] DEBUG GameApplicationServi - Removing overlay from FXGLStartupScene and adding to FXGLLoadingScene
16:23:07.242 [JavaFX Application Thread] DEBUG PrimaryStageWindow   - FXGLStartupScene -> FXGLLoadingScene
16:23:07.242 [JavaFX Application Thread] DEBUG GameApplicationServi - Clearing previous game
16:23:07.242 [JavaFX Application Thread] DEBUG GameScene            - Clearing game scene
16:23:07.242 [JavaFX Application Thread] DEBUG GameWorld            - Clearing game world
16:23:07.243 [JavaFX Application Thread] DEBUG PhysicsWorld         - Clearing physics world
16:23:07.244 [FXGL Background Thread 1 ] DEBUG FXGLApplication      - Initializing game
16:23:07.456 [FXGL Background Thread 1 ] INFO  FXGLApplication      - Game initialization took: 0.211 sec
16:23:07.463 [JavaFX Application Thread] DEBUG Input                - Clearing active input actions
16:23:07.487 [JavaFX Application Thread] DEBUG GameApplicationServi - Removing overlay from FXGLLoadingScene and adding to GameScene
16:23:07.487 [JavaFX Application Thread] DEBUG PrimaryStageWindow   - FXGLLoadingScene -> GameScene
16:23:07.619 [FXGL Background Thread 2 ] INFO  UpdaterService       - Your current version:  17.3
16:23:07.619 [FXGL Background Thread 2 ] INFO  UpdaterService       - Latest stable version: 25
16:23:10.157 [FXGL Background Thread 3 ] DEBUG Engine               - Logging environment variables
16:23:10.158 [FXGL Background Thread 3 ] DEBUG Engine               - achievements: []
16:23:10.158 [FXGL Background Thread 3 ] DEBUG Engine               - actualHeight: 965.0
16:23:10.158 [FXGL Background Thread 3 ] DEBUG Engine               - actualHeightProperty: ReadOnlyDoubleProperty [value: 965.0]
16:23:10.158 [FXGL Background Thread 3 ] DEBUG Engine               - actualWidth: 1000.0
16:23:10.158 [FXGL Background Thread 3 ] DEBUG Engine               - actualWidthProperty: ReadOnlyDoubleProperty [value: 1000.0]
16:23:10.158 [FXGL Background Thread 3 ] DEBUG Engine               - appIcon: fxgl_icon.png
16:23:10.158 [FXGL Background Thread 3 ] DEBUG Engine               - applicationMode: DEVELOPER
16:23:10.159 [FXGL Background Thread 3 ] DEBUG Engine               - cSSList: [fxgl_dark.css]
16:23:10.159 [FXGL Background Thread 3 ] DEBUG Engine               - collisionDetectionStrategy: BRUTE_FORCE
16:23:10.159 [FXGL Background Thread 3 ] DEBUG Engine               - configClass: Optional.empty
16:23:10.159 [FXGL Background Thread 3 ] DEBUG Engine               - credits: []
16:23:10.159 [FXGL Background Thread 3 ] DEBUG Engine               - defaultCursor: CursorInfo(imageName=fxgl_default_cursor.png, hotspotX=7.0, hotspotY=6.0)
16:23:10.160 [FXGL Background Thread 3 ] DEBUG Engine               - devBBoxColorProperty: ObjectProperty [value: 0xff0000ff]
16:23:10.160 [FXGL Background Thread 3 ] DEBUG Engine               - devEnableDebugCameraProperty: BooleanProperty [value: false]
16:23:10.160 [FXGL Background Thread 3 ] DEBUG Engine               - devSensorColorProperty: ObjectProperty [value: 0xffff00ff]
16:23:10.160 [FXGL Background Thread 3 ] DEBUG Engine               - devShowBBoxProperty: BooleanProperty [value: false]
16:23:10.160 [FXGL Background Thread 3 ] DEBUG Engine               - devShowPositionProperty: BooleanProperty [value: false]
16:23:10.160 [FXGL Background Thread 3 ] DEBUG Engine               - enabledMenuItems: []
16:23:10.160 [FXGL Background Thread 3 ] DEBUG Engine               - engineServices: [class com.almasb.fxgl.app.services.FXGLAssetLoaderService, class com.almasb.fxgl.app.FXGLApplication$GameApplicationService, class com.almasb.fxgl.app.services.FXGLDialogService, class com.almasb.fxgl.app.services.IOTaskExecutorService, class com.almasb.fxgl.io.FileSystemService, class com.almasb.fxgl.localization.LocalizationService, class com.almasb.fxgl.app.services.SystemBundleService, class com.almasb.fxgl.profile.SaveLoadService, class com.almasb.fxgl.ui.FXGLUIFactoryServiceProvider, class com.almasb.fxgl.ui.FXGLDialogFactoryServiceProvider, class com.almasb.fxgl.audio.AudioPlayer, class com.almasb.fxgl.notification.impl.NotificationServiceProvider, class com.almasb.fxgl.achievement.AchievementService, class com.almasb.fxgl.cutscene.CutsceneService, class com.almasb.fxgl.minigames.MiniGameService, class com.almasb.fxgl.net.NetService, class com.almasb.fxgl.app.services.UpdaterService, class com.almasb.fxgl.dev.DevService]
16:23:10.160 [FXGL Background Thread 3 ] DEBUG Engine               - fontGame: Abel-Regular.ttf
16:23:10.161 [FXGL Background Thread 3 ] DEBUG Engine               - fontMono: TerminalLandMono-Regular.otf
16:23:10.161 [FXGL Background Thread 3 ] DEBUG Engine               - fontSizeScaleUI: 1.0
16:23:10.161 [FXGL Background Thread 3 ] DEBUG Engine               - fontText: Courier-Prime.ttf
16:23:10.161 [FXGL Background Thread 3 ] DEBUG Engine               - fontUI: VarelaRound-Regular.ttf
16:23:10.161 [FXGL Background Thread 3 ] DEBUG Engine               - fullScreen: BooleanProperty [value: false]
16:23:10.161 [FXGL Background Thread 3 ] DEBUG Engine               - gameDifficulty: MEDIUM
16:23:10.161 [FXGL Background Thread 3 ] DEBUG Engine               - gameDifficultyProperty: ObjectProperty [value: MEDIUM]
16:23:10.161 [FXGL Background Thread 3 ] DEBUG Engine               - globalMusicVolume: 0.5
16:23:10.162 [FXGL Background Thread 3 ] DEBUG Engine               - globalMusicVolumeProperty: DoubleProperty [value: 0.5]
16:23:10.162 [FXGL Background Thread 3 ] DEBUG Engine               - globalSoundVolume: 0.5
16:23:10.162 [FXGL Background Thread 3 ] DEBUG Engine               - globalSoundVolumeProperty: DoubleProperty [value: 0.5]
16:23:10.162 [FXGL Background Thread 3 ] DEBUG Engine               - height: 1000
16:23:10.162 [FXGL Background Thread 3 ] DEBUG Engine               - is3D: false
16:23:10.162 [FXGL Background Thread 3 ] DEBUG Engine               - isAndroid: false
16:23:10.162 [FXGL Background Thread 3 ] DEBUG Engine               - isBrowser: false
16:23:10.162 [FXGL Background Thread 3 ] DEBUG Engine               - isClickFeedbackEnabled: false
16:23:10.162 [FXGL Background Thread 3 ] DEBUG Engine               - isCloseConfirmation: false
16:23:10.162 [FXGL Background Thread 3 ] DEBUG Engine               - isDesktop: true
16:23:10.163 [FXGL Background Thread 3 ] DEBUG Engine               - isDeveloperMenuEnabled: false
16:23:10.163 [FXGL Background Thread 3 ] DEBUG Engine               - isEmbedded: false
16:23:10.163 [FXGL Background Thread 3 ] DEBUG Engine               - isEntityPreloadEnabled: true
16:23:10.163 [FXGL Background Thread 3 ] DEBUG Engine               - isExperimentalTiledLargeMap: false
16:23:10.163 [FXGL Background Thread 3 ] DEBUG Engine               - isFileSystemWriteAllowed: true
16:23:10.163 [FXGL Background Thread 3 ] DEBUG Engine               - isFullScreenAllowed: false
16:23:10.163 [FXGL Background Thread 3 ] DEBUG Engine               - isFullScreenFromStart: false
16:23:10.163 [FXGL Background Thread 3 ] DEBUG Engine               - isGameMenuEnabled: true
16:23:10.163 [FXGL Background Thread 3 ] DEBUG Engine               - isIOS: false
16:23:10.164 [FXGL Background Thread 3 ] DEBUG Engine               - isIntroEnabled: false
16:23:10.164 [FXGL Background Thread 3 ] DEBUG Engine               - isLinux: true
16:23:10.164 [FXGL Background Thread 3 ] DEBUG Engine               - isMac: false
16:23:10.164 [FXGL Background Thread 3 ] DEBUG Engine               - isMainMenuEnabled: false
16:23:10.164 [FXGL Background Thread 3 ] DEBUG Engine               - isManualResizeEnabled: false
16:23:10.164 [FXGL Background Thread 3 ] DEBUG Engine               - isMobile: false
16:23:10.164 [FXGL Background Thread 3 ] DEBUG Engine               - isNative: false
16:23:10.164 [FXGL Background Thread 3 ] DEBUG Engine               - isPauseMusicWhenMinimized: true
16:23:10.165 [FXGL Background Thread 3 ] DEBUG Engine               - isPreserveResizeRatio: false
16:23:10.165 [FXGL Background Thread 3 ] DEBUG Engine               - isProfilingEnabled: false
16:23:10.165 [FXGL Background Thread 3 ] DEBUG Engine               - isScaleAffectedOnResize: true
16:23:10.165 [FXGL Background Thread 3 ] DEBUG Engine               - isSingleStep: false
16:23:10.165 [FXGL Background Thread 3 ] DEBUG Engine               - isUserProfileEnabled: false
16:23:10.165 [FXGL Background Thread 3 ] DEBUG Engine               - isWindows: false
16:23:10.165 [FXGL Background Thread 3 ] DEBUG Engine               - language: ObjectProperty [value: ENGLISH]
16:23:10.165 [FXGL Background Thread 3 ] DEBUG Engine               - menuKey: ESCAPE
16:23:10.165 [FXGL Background Thread 3 ] DEBUG Engine               - mouseSensitivity: 0.2
16:23:10.165 [FXGL Background Thread 3 ] DEBUG Engine               - notificationViewClass: class com.almasb.fxgl.notification.view.XboxNotificationView
16:23:10.166 [FXGL Background Thread 3 ] DEBUG Engine               - pixelsPerMeter: 50.0
16:23:10.166 [FXGL Background Thread 3 ] DEBUG Engine               - platform: LINUX
16:23:10.166 [FXGL Background Thread 3 ] DEBUG Engine               - prefHeightProperty: ReadOnlyDoubleProperty [value: 1000.0]
16:23:10.166 [FXGL Background Thread 3 ] DEBUG Engine               - prefWidthProperty: ReadOnlyDoubleProperty [value: 1000.0]
16:23:10.166 [FXGL Background Thread 3 ] DEBUG Engine               - profileDir: profiles/
16:23:10.166 [FXGL Background Thread 3 ] DEBUG Engine               - profileName: StringProperty [value: DEFAULT]
16:23:10.166 [FXGL Background Thread 3 ] DEBUG Engine               - randomSeed: -1
16:23:10.166 [FXGL Background Thread 3 ] DEBUG Engine               - runtimeInfo: RuntimeInfo(platform=LINUX, version=17.3, build=30.03.2023 11.49)
16:23:10.167 [FXGL Background Thread 3 ] DEBUG Engine               - saveFileExt: sav
16:23:10.167 [FXGL Background Thread 3 ] DEBUG Engine               - scaledHeightProp$fxgl: DoubleProperty [bound, value: 965.0]
16:23:10.167 [FXGL Background Thread 3 ] DEBUG Engine               - scaledWidthProp$fxgl: DoubleProperty [bound, value: 1000.0]
16:23:10.167 [FXGL Background Thread 3 ] DEBUG Engine               - sceneFactory: com.almasb.fxgl.app.scene.SceneFactory@668eaf5a
16:23:10.167 [FXGL Background Thread 3 ] DEBUG Engine               - secondsIn24h: 60
16:23:10.167 [FXGL Background Thread 3 ] DEBUG Engine               - soundMenuBack: menu/back.wav
16:23:10.167 [FXGL Background Thread 3 ] DEBUG Engine               - soundMenuPress: menu/press.wav
16:23:10.167 [FXGL Background Thread 3 ] DEBUG Engine               - soundMenuSelect: menu/select.wav
16:23:10.167 [FXGL Background Thread 3 ] DEBUG Engine               - soundNotification: core/notification.wav
16:23:10.167 [FXGL Background Thread 3 ] DEBUG Engine               - stageStyle: DECORATED
16:23:10.167 [FXGL Background Thread 3 ] DEBUG Engine               - supportedLanguages: [ENGLISH, FRENCH, GERMAN, HUNGARIAN, RUSSIAN]
16:23:10.167 [FXGL Background Thread 3 ] DEBUG Engine               - ticksPerSecond: -1
16:23:10.167 [FXGL Background Thread 3 ] DEBUG Engine               - title: Rancher's Delight
16:23:10.168 [FXGL Background Thread 3 ] DEBUG Engine               - urlGithub: https://github.com/AlmasB/FXGL
16:23:10.168 [FXGL Background Thread 3 ] DEBUG Engine               - urlLeaderboard: http://fxgl-top.herokuapp.com/
16:23:10.168 [FXGL Background Thread 3 ] DEBUG Engine               - urlPOM: https://raw.githubusercontent.com/AlmasB/FXGL/release/README.md
16:23:10.168 [FXGL Background Thread 3 ] DEBUG Engine               - userAppClass: class com.example.ranchers_delight.GameApp
16:23:10.168 [FXGL Background Thread 3 ] DEBUG Engine               - version: 1.0
16:23:10.168 [FXGL Background Thread 3 ] DEBUG Engine               - versionCheckDays: 7
16:23:10.168 [FXGL Background Thread 3 ] DEBUG Engine               - width: 1000
16:23:10.168 [FXGL Background Thread 3 ] DEBUG Engine               - Logging services
16:23:10.168 [FXGL Background Thread 3 ] DEBUG Engine               - class com.almasb.fxgl.app.services.FXGLAssetLoaderService
16:23:10.168 [FXGL Background Thread 3 ] DEBUG Engine               - class com.almasb.fxgl.app.FXGLApplication$GameApplicationService
16:23:10.168 [FXGL Background Thread 3 ] DEBUG Engine               - class com.almasb.fxgl.app.services.FXGLDialogService
16:23:10.168 [FXGL Background Thread 3 ] DEBUG Engine               - class com.almasb.fxgl.app.services.IOTaskExecutorService
16:23:10.168 [FXGL Background Thread 3 ] DEBUG Engine               - class com.almasb.fxgl.io.FileSystemService
16:23:10.168 [FXGL Background Thread 3 ] DEBUG Engine               - class com.almasb.fxgl.localization.LocalizationService
16:23:10.168 [FXGL Background Thread 3 ] DEBUG Engine               - class com.almasb.fxgl.app.services.SystemBundleService
16:23:10.168 [FXGL Background Thread 3 ] DEBUG Engine               - class com.almasb.fxgl.profile.SaveLoadService
16:23:10.169 [FXGL Background Thread 3 ] DEBUG Engine               - class com.almasb.fxgl.ui.FXGLUIFactoryServiceProvider
16:23:10.169 [FXGL Background Thread 3 ] DEBUG Engine               - class com.almasb.fxgl.ui.FXGLDialogFactoryServiceProvider
16:23:10.169 [FXGL Background Thread 3 ] DEBUG Engine               - class com.almasb.fxgl.audio.AudioPlayer
16:23:10.169 [FXGL Background Thread 3 ] DEBUG Engine               - class com.almasb.fxgl.notification.impl.NotificationServiceProvider
16:23:10.169 [FXGL Background Thread 3 ] DEBUG Engine               - class com.almasb.fxgl.achievement.AchievementService
16:23:10.169 [FXGL Background Thread 3 ] DEBUG Engine               - class com.almasb.fxgl.cutscene.CutsceneService
16:23:10.169 [FXGL Background Thread 3 ] DEBUG Engine               - class com.almasb.fxgl.minigames.MiniGameService
16:23:10.169 [FXGL Background Thread 3 ] DEBUG Engine               - class com.almasb.fxgl.net.NetService
16:23:10.169 [FXGL Background Thread 3 ] DEBUG Engine               - class com.almasb.fxgl.app.services.UpdaterService
16:23:10.169 [FXGL Background Thread 3 ] DEBUG Engine               - class com.almasb.fxgl.dev.DevService
16:23:17.095 [JavaFX Application Thread] DEBUG FXGLApplication      - Exiting FXGL
16:23:17.095 [JavaFX Application Thread] DEBUG LoopRunner           - Stopping loop
16:23:17.095 [JavaFX Application Thread] DEBUG SystemBundleService  - Saving FXGL system data
16:23:17.096 [JavaFX Application Thread] DEBUG FileSystemAccess     - Writing to: /home/alex/IdeaProjects/ranchers_delight/system/fxgl.bundle
16:23:17.097 [JavaFX Application Thread] DEBUG Async                - Shutting down background threads
16:23:17.098 [JavaFX Application Thread] DEBUG PrimaryStageWindow   - Closing main window
16:23:17.101 [JavaFX Application Thread] DEBUG Logger               - Closing Logger
