00:43:39.055 [main                     ] DEBUG Logger               - Configured Logger
00:43:39.064 [main                     ] DEBUG GameApplication      - Logging settings
Title: Rancher's Delight
Version: 1.0
Width: 1000
Height: 1000
Fullscreen: false
Intro: false
Profiling: false
Single step:false
App Mode: DEVELOPER
Menu Key: ESCAPE
Stage Style: DECORATED
Scene Factory: class com.almasb.fxgl.app.scene.SceneFactory

00:43:39.532 [JavaFX Application Thread] DEBUG FXGLApplication      - Initializing FXGL
00:43:39.535 [JavaFX Application Thread] INFO  Engine               - FXGL-17.3 (30.03.2023 11.49) on LINUX (J:25.0.2 FX:21.0.6)
00:43:39.536 [JavaFX Application Thread] DEBUG Engine               - JRE Vendor Name: Oracle Corporation
00:43:39.536 [JavaFX Application Thread] DEBUG Engine               - Running on OS: Linux version 6.18.13-arch1-1
00:43:39.536 [JavaFX Application Thread] DEBUG Engine               - Architecture: amd64
00:43:39.537 [JavaFX Application Thread] INFO  Engine               - Source code and latest versions at: https://github.com/AlmasB/FXGL
00:43:39.537 [JavaFX Application Thread] INFO  Engine               -       Ask questions and discuss at: https://github.com/AlmasB/FXGL/discussions
00:43:39.537 [JavaFX Application Thread] INFO  Engine               -              Join the FXGL chat at: https://gitter.im/AlmasB/FXGL
00:43:39.636 [JavaFX Application Thread] DEBUG PrimaryStageWindow   - Creating a JavaFX scene
00:43:39.674 [JavaFX Application Thread] DEBUG PrimaryStageWindow   - Target settings size: 1000.0 x 1000.0
00:43:39.674 [JavaFX Application Thread] DEBUG PrimaryStageWindow   - Scaled scene size:    1000.0 x 1000.0
00:43:39.675 [JavaFX Application Thread] DEBUG PrimaryStageWindow   - Scaled ratio: (1.0, 1.0)
00:43:39.675 [JavaFX Application Thread] DEBUG PrimaryStageWindow   - Set initial scene to FXGLStartupScene
00:43:39.679 [JavaFX Application Thread] DEBUG PrimaryStageWindow   - Opening main window
00:43:39.752 [JavaFX Application Thread] DEBUG PrimaryStageWindow   - Window border size: (0.0, 35.0)
00:43:39.752 [JavaFX Application Thread] DEBUG PrimaryStageWindow   - Scaled size: 1000.0 x 965.0
00:43:39.752 [JavaFX Application Thread] DEBUG PrimaryStageWindow   - Scaled ratio: (1.0, 0.965)
00:43:39.752 [JavaFX Application Thread] DEBUG PrimaryStageWindow   - Scene size: 1000.0 x 1000.0
00:43:39.752 [JavaFX Application Thread] DEBUG PrimaryStageWindow   - Stage size: 1000.0 x 1000.0
00:43:39.757 [FXGL Background Thread 1 ] DEBUG Engine               - Initializing environment variables
00:43:39.799 [FXGL Background Thread 1 ] DEBUG FXGLAssetLoaderServi - User app class for loading assets: class com.example.ranchers_delight.GameApp
00:43:39.799 [FXGL Background Thread 1 ] DEBUG GameApplicationServi - Applying CSS: fxgl_dark.css
00:43:39.800 [FXGL Background Thread 1 ] DEBUG FXGLAssetLoaderServi - Loading from file system: jar:file:///home/alex/.m2/repository/com/github/almasb/fxgl/17.3/fxgl-17.3.jar!/fxglassets/ui/css/fxgl_dark.css
00:43:39.847 [FXGL Background Thread 1 ] DEBUG GameApplicationServi - Initializing application scenes
00:43:39.884 [FXGL Background Thread 1 ] DEBUG GameWorld            - Game world initialized
00:43:39.931 [FXGL Background Thread 1 ] DEBUG PhysicsWorld         - Physics world initialized: appHeight=1000, physics.ppm=50.0
00:43:39.931 [FXGL Background Thread 1 ] DEBUG PhysicsWorld         - Using strategy: BRUTE_FORCE
00:43:39.935 [FXGL Background Thread 1 ] DEBUG GameScene            - Game scene initialized: 1000x1000
00:43:39.945 [FXGL Background Thread 1 ] DEBUG FXGL.DefaultMenu     - createMenuBodyGameMenu()
00:43:39.960 [FXGL Background Thread 1 ] DEBUG FXGL.DefaultMenu     - createOptionsMenu()
00:43:39.970 [FXGL Background Thread 1 ] DEBUG FXGLAssetLoaderServi - Loading from file system: jar:file:///home/alex/.m2/repository/com/github/almasb/fxgl/17.3/fxgl-17.3.jar!/fxglassets/textures/particles/smoke.png
00:43:40.047 [FXGL Background Thread 1 ] DEBUG FXGLAssetLoaderServi - Loading from file system: jar:file:///home/alex/.m2/repository/com/github/almasb/fxgl/17.3/fxgl-17.3.jar!/fxglassets/textures/particles/trace_horizontal.png
00:43:40.075 [FXGL Background Thread 1 ] DEBUG GameApplicationServi - Application scenes initialized
00:43:40.085 [FXGL Background Thread 1 ] DEBUG SystemBundleService  - Loading FXGL system data
00:43:40.087 [FXGL Background Thread 1 ] DEBUG FileSystemAccess     - Reading from: /home/alex/IdeaProjects/ranchers_delight/system/fxgl.bundle
00:43:40.090 [FXGL Background Thread 1 ] DEBUG SystemBundleService  - Bundle FXGL: {}
00:43:40.090 [FXGL Background Thread 1 ] DEBUG UpdaterService       - Checking for updates
00:43:40.098 [FXGL Background Thread 4 ] DEBUG FXGLApplication      - Loading fonts
00:43:40.098 [FXGL Background Thread 4 ] DEBUG FXGLAssetLoaderServi - Loading from file system: jar:file:///home/alex/.m2/repository/com/github/almasb/fxgl/17.3/fxgl-17.3.jar!/fxglassets/ui/fonts/VarelaRound-Regular.ttf
00:43:40.099 [FXGL Background Thread 1 ] DEBUG FXGLApplication      - Loading default localization
00:43:40.099 [FXGL Background Thread 1 ] DEBUG FXGLAssetLoaderServi - Loading from file system: jar:file:///home/alex/.m2/repository/com/github/almasb/fxgl/17.3/fxgl-17.3.jar!/fxglassets/languages/english.lang
00:43:40.104 [FXGL Background Thread 4 ] DEBUG FXGLAssetLoaderServi - Loading from file system: jar:file:///home/alex/.m2/repository/com/github/almasb/fxgl/17.3/fxgl-17.3.jar!/fxglassets/ui/fonts/Abel-Regular.ttf
00:43:40.105 [FXGL Background Thread 4 ] DEBUG FXGLAssetLoaderServi - Loading from file system: jar:file:///home/alex/.m2/repository/com/github/almasb/fxgl/17.3/fxgl-17.3.jar!/fxglassets/ui/fonts/TerminalLandMono-Regular.otf
00:43:40.107 [FXGL Background Thread 4 ] DEBUG FXGLAssetLoaderServi - Loading from file system: jar:file:///home/alex/.m2/repository/com/github/almasb/fxgl/17.3/fxgl-17.3.jar!/fxglassets/ui/fonts/Courier-Prime.ttf
00:43:40.112 [JavaFX Application Thread] DEBUG FXGLApplication      - Registering font factories with UI factory
00:43:40.116 [FXGL Background Thread 1 ] INFO  FXGLApplication      - FXGL initialization took: 0.359 sec
00:43:40.126 [JavaFX Application Thread] DEBUG Input                - Registered new binding: action0 - W
00:43:40.127 [JavaFX Application Thread] DEBUG Input                - Registered new binding: action1 - S
00:43:40.127 [JavaFX Application Thread] DEBUG Input                - Registered new binding: action2 - A
00:43:40.128 [JavaFX Application Thread] DEBUG Input                - Registered new binding: action3 - D
00:43:40.128 [JavaFX Application Thread] DEBUG FXGLAssetLoaderServi - Loading from file system: jar:file:///home/alex/.m2/repository/com/github/almasb/fxgl/17.3/fxgl-17.3.jar!/fxglassets/textures/fxgl_icon.png
00:43:40.147 [JavaFX Application Thread] DEBUG FXGLAssetLoaderServi - Loading from file system: jar:file:///home/alex/.m2/repository/com/github/almasb/fxgl/17.3/fxgl-17.3.jar!/fxglassets/textures/fxgl_default_cursor.png
00:43:40.160 [JavaFX Application Thread] DEBUG Input                - Registered new binding: Screenshot - CTRL+8
00:43:40.161 [JavaFX Application Thread] DEBUG Input                - Registered new binding: System info dump - CTRL+9
00:43:40.161 [JavaFX Application Thread] DEBUG Input                - Registered new binding: Restart - CTRL+R
00:43:40.164 [JavaFX Application Thread] DEBUG Input                - Registered new binding: Toggle Debug Camera - CTRL+7
00:43:40.167 [JavaFX Application Thread] DEBUG LoopRunner           - Starting loop
00:43:40.167 [JavaFX Application Thread] DEBUG LoopRunner           - Initializing JavaFX AnimationTimerLoop
00:43:40.168 [JavaFX Application Thread] DEBUG GameApplicationServi - Starting new game
00:43:40.169 [JavaFX Application Thread] DEBUG Input                - Clearing active input actions
00:43:40.180 [JavaFX Application Thread] DEBUG GameApplicationServi - Removing overlay from FXGLStartupScene and adding to FXGLLoadingScene
00:43:40.180 [JavaFX Application Thread] DEBUG PrimaryStageWindow   - FXGLStartupScene -> FXGLLoadingScene
00:43:40.181 [JavaFX Application Thread] DEBUG GameApplicationServi - Clearing previous game
00:43:40.181 [JavaFX Application Thread] DEBUG GameScene            - Clearing game scene
00:43:40.181 [JavaFX Application Thread] DEBUG GameWorld            - Clearing game world
00:43:40.181 [JavaFX Application Thread] DEBUG PhysicsWorld         - Clearing physics world
00:43:40.182 [FXGL Background Thread 1 ] DEBUG FXGLApplication      - Initializing game
00:43:40.378 [FXGL Background Thread 1 ] INFO  FXGLApplication      - Game initialization took: 0.196 sec
00:43:40.382 [JavaFX Application Thread] DEBUG Input                - Clearing active input actions
00:43:40.404 [JavaFX Application Thread] DEBUG GameApplicationServi - Removing overlay from FXGLLoadingScene and adding to GameScene
00:43:40.404 [JavaFX Application Thread] DEBUG PrimaryStageWindow   - FXGLLoadingScene -> GameScene
00:43:40.884 [FXGL Background Thread 2 ] INFO  UpdaterService       - Your current version:  17.3
00:43:40.884 [FXGL Background Thread 2 ] INFO  UpdaterService       - Latest stable version: 25
00:43:43.096 [FXGL Background Thread 3 ] DEBUG Engine               - Logging environment variables
00:43:43.097 [FXGL Background Thread 3 ] DEBUG Engine               - achievements: []
00:43:43.097 [FXGL Background Thread 3 ] DEBUG Engine               - actualHeight: 975.0
00:43:43.097 [FXGL Background Thread 3 ] DEBUG Engine               - actualHeightProperty: ReadOnlyDoubleProperty [value: 965.0]
00:43:43.097 [FXGL Background Thread 3 ] DEBUG Engine               - actualWidth: 936.0
00:43:43.097 [FXGL Background Thread 3 ] DEBUG Engine               - actualWidthProperty: ReadOnlyDoubleProperty [value: 1000.0]
00:43:43.097 [FXGL Background Thread 3 ] DEBUG Engine               - appIcon: fxgl_icon.png
00:43:43.097 [FXGL Background Thread 3 ] DEBUG Engine               - applicationMode: DEVELOPER
00:43:43.097 [FXGL Background Thread 3 ] DEBUG Engine               - cSSList: [fxgl_dark.css]
00:43:43.097 [FXGL Background Thread 3 ] DEBUG Engine               - collisionDetectionStrategy: BRUTE_FORCE
00:43:43.097 [FXGL Background Thread 3 ] DEBUG Engine               - configClass: Optional.empty
00:43:43.097 [FXGL Background Thread 3 ] DEBUG Engine               - credits: []
00:43:43.098 [FXGL Background Thread 3 ] DEBUG Engine               - defaultCursor: CursorInfo(imageName=fxgl_default_cursor.png, hotspotX=7.0, hotspotY=6.0)
00:43:43.098 [FXGL Background Thread 3 ] DEBUG Engine               - devBBoxColorProperty: ObjectProperty [value: 0xff0000ff]
00:43:43.098 [FXGL Background Thread 3 ] DEBUG Engine               - devEnableDebugCameraProperty: BooleanProperty [value: false]
00:43:43.098 [FXGL Background Thread 3 ] DEBUG Engine               - devSensorColorProperty: ObjectProperty [value: 0xffff00ff]
00:43:43.098 [FXGL Background Thread 3 ] DEBUG Engine               - devShowBBoxProperty: BooleanProperty [value: false]
00:43:43.098 [FXGL Background Thread 3 ] DEBUG Engine               - devShowPositionProperty: BooleanProperty [value: false]
00:43:43.099 [FXGL Background Thread 3 ] DEBUG Engine               - enabledMenuItems: []
00:43:43.099 [FXGL Background Thread 3 ] DEBUG Engine               - engineServices: [class com.almasb.fxgl.app.services.FXGLAssetLoaderService, class com.almasb.fxgl.app.FXGLApplication$GameApplicationService, class com.almasb.fxgl.app.services.FXGLDialogService, class com.almasb.fxgl.app.services.IOTaskExecutorService, class com.almasb.fxgl.io.FileSystemService, class com.almasb.fxgl.localization.LocalizationService, class com.almasb.fxgl.app.services.SystemBundleService, class com.almasb.fxgl.profile.SaveLoadService, class com.almasb.fxgl.ui.FXGLUIFactoryServiceProvider, class com.almasb.fxgl.ui.FXGLDialogFactoryServiceProvider, class com.almasb.fxgl.audio.AudioPlayer, class com.almasb.fxgl.notification.impl.NotificationServiceProvider, class com.almasb.fxgl.achievement.AchievementService, class com.almasb.fxgl.cutscene.CutsceneService, class com.almasb.fxgl.minigames.MiniGameService, class com.almasb.fxgl.net.NetService, class com.almasb.fxgl.app.services.UpdaterService, class com.almasb.fxgl.dev.DevService]
00:43:43.099 [FXGL Background Thread 3 ] DEBUG Engine               - fontGame: Abel-Regular.ttf
00:43:43.099 [FXGL Background Thread 3 ] DEBUG Engine               - fontMono: TerminalLandMono-Regular.otf
00:43:43.099 [FXGL Background Thread 3 ] DEBUG Engine               - fontSizeScaleUI: 1.0
00:43:43.099 [FXGL Background Thread 3 ] DEBUG Engine               - fontText: Courier-Prime.ttf
00:43:43.099 [FXGL Background Thread 3 ] DEBUG Engine               - fontUI: VarelaRound-Regular.ttf
00:43:43.099 [FXGL Background Thread 3 ] DEBUG Engine               - fullScreen: BooleanProperty [value: false]
00:43:43.099 [FXGL Background Thread 3 ] DEBUG Engine               - gameDifficulty: MEDIUM
00:43:43.099 [FXGL Background Thread 3 ] DEBUG Engine               - gameDifficultyProperty: ObjectProperty [value: MEDIUM]
00:43:43.099 [FXGL Background Thread 3 ] DEBUG Engine               - globalMusicVolume: 0.5
00:43:43.099 [FXGL Background Thread 3 ] DEBUG Engine               - globalMusicVolumeProperty: DoubleProperty [value: 0.5]
00:43:43.099 [FXGL Background Thread 3 ] DEBUG Engine               - globalSoundVolume: 0.5
00:43:43.099 [FXGL Background Thread 3 ] DEBUG Engine               - globalSoundVolumeProperty: DoubleProperty [value: 0.5]
00:43:43.099 [FXGL Background Thread 3 ] DEBUG Engine               - height: 1000
00:43:43.099 [FXGL Background Thread 3 ] DEBUG Engine               - is3D: false
00:43:43.099 [FXGL Background Thread 3 ] DEBUG Engine               - isAndroid: false
00:43:43.099 [FXGL Background Thread 3 ] DEBUG Engine               - isBrowser: false
00:43:43.099 [FXGL Background Thread 3 ] DEBUG Engine               - isClickFeedbackEnabled: false
00:43:43.099 [FXGL Background Thread 3 ] DEBUG Engine               - isCloseConfirmation: false
00:43:43.099 [FXGL Background Thread 3 ] DEBUG Engine               - isDesktop: true
00:43:43.099 [FXGL Background Thread 3 ] DEBUG Engine               - isDeveloperMenuEnabled: false
00:43:43.099 [FXGL Background Thread 3 ] DEBUG Engine               - isEmbedded: false
00:43:43.099 [FXGL Background Thread 3 ] DEBUG Engine               - isEntityPreloadEnabled: true
00:43:43.099 [FXGL Background Thread 3 ] DEBUG Engine               - isExperimentalTiledLargeMap: false
00:43:43.100 [FXGL Background Thread 3 ] DEBUG Engine               - isFileSystemWriteAllowed: true
00:43:43.100 [FXGL Background Thread 3 ] DEBUG Engine               - isFullScreenAllowed: false
00:43:43.100 [FXGL Background Thread 3 ] DEBUG Engine               - isFullScreenFromStart: false
00:43:43.100 [FXGL Background Thread 3 ] DEBUG Engine               - isGameMenuEnabled: true
00:43:43.100 [FXGL Background Thread 3 ] DEBUG Engine               - isIOS: false
00:43:43.100 [FXGL Background Thread 3 ] DEBUG Engine               - isIntroEnabled: false
00:43:43.100 [FXGL Background Thread 3 ] DEBUG Engine               - isLinux: true
00:43:43.100 [FXGL Background Thread 3 ] DEBUG Engine               - isMac: false
00:43:43.100 [FXGL Background Thread 3 ] DEBUG Engine               - isMainMenuEnabled: false
00:43:43.100 [FXGL Background Thread 3 ] DEBUG Engine               - isManualResizeEnabled: false
00:43:43.100 [FXGL Background Thread 3 ] DEBUG Engine               - isMobile: false
00:43:43.100 [FXGL Background Thread 3 ] DEBUG Engine               - isNative: false
00:43:43.100 [FXGL Background Thread 3 ] DEBUG Engine               - isPauseMusicWhenMinimized: true
00:43:43.100 [FXGL Background Thread 3 ] DEBUG Engine               - isPreserveResizeRatio: false
00:43:43.100 [FXGL Background Thread 3 ] DEBUG Engine               - isProfilingEnabled: false
00:43:43.100 [FXGL Background Thread 3 ] DEBUG Engine               - isScaleAffectedOnResize: true
00:43:43.100 [FXGL Background Thread 3 ] DEBUG Engine               - isSingleStep: false
00:43:43.100 [FXGL Background Thread 3 ] DEBUG Engine               - isUserProfileEnabled: false
00:43:43.100 [FXGL Background Thread 3 ] DEBUG Engine               - isWindows: false
00:43:43.100 [FXGL Background Thread 3 ] DEBUG Engine               - language: ObjectProperty [value: ENGLISH]
00:43:43.100 [FXGL Background Thread 3 ] DEBUG Engine               - menuKey: ESCAPE
00:43:43.101 [FXGL Background Thread 3 ] DEBUG Engine               - mouseSensitivity: 0.2
00:43:43.101 [FXGL Background Thread 3 ] DEBUG Engine               - notificationViewClass: class com.almasb.fxgl.notification.view.XboxNotificationView
00:43:43.101 [FXGL Background Thread 3 ] DEBUG Engine               - pixelsPerMeter: 50.0
00:43:43.101 [FXGL Background Thread 3 ] DEBUG Engine               - platform: LINUX
00:43:43.101 [FXGL Background Thread 3 ] DEBUG Engine               - prefHeightProperty: ReadOnlyDoubleProperty [value: 1000.0]
00:43:43.101 [FXGL Background Thread 3 ] DEBUG Engine               - prefWidthProperty: ReadOnlyDoubleProperty [value: 1000.0]
00:43:43.101 [FXGL Background Thread 3 ] DEBUG Engine               - profileDir: profiles/
00:43:43.101 [FXGL Background Thread 3 ] DEBUG Engine               - profileName: StringProperty [value: DEFAULT]
00:43:43.101 [FXGL Background Thread 3 ] DEBUG Engine               - randomSeed: -1
00:43:43.101 [FXGL Background Thread 3 ] DEBUG Engine               - runtimeInfo: RuntimeInfo(platform=LINUX, version=17.3, build=30.03.2023 11.49)
00:43:43.101 [FXGL Background Thread 3 ] DEBUG Engine               - saveFileExt: sav
00:43:43.101 [FXGL Background Thread 3 ] DEBUG Engine               - scaledHeightProp$fxgl: DoubleProperty [bound, value: 965.0]
00:43:43.101 [FXGL Background Thread 3 ] DEBUG Engine               - scaledWidthProp$fxgl: DoubleProperty [bound, value: 1000.0]
00:43:43.101 [FXGL Background Thread 3 ] DEBUG Engine               - sceneFactory: com.almasb.fxgl.app.scene.SceneFactory@38b5a53c
00:43:43.101 [FXGL Background Thread 3 ] DEBUG Engine               - secondsIn24h: 60
00:43:43.101 [FXGL Background Thread 3 ] DEBUG Engine               - soundMenuBack: menu/back.wav
00:43:43.101 [FXGL Background Thread 3 ] DEBUG Engine               - soundMenuPress: menu/press.wav
00:43:43.101 [FXGL Background Thread 3 ] DEBUG Engine               - soundMenuSelect: menu/select.wav
00:43:43.101 [FXGL Background Thread 3 ] DEBUG Engine               - soundNotification: core/notification.wav
00:43:43.102 [FXGL Background Thread 3 ] DEBUG Engine               - stageStyle: DECORATED
00:43:43.102 [FXGL Background Thread 3 ] DEBUG Engine               - supportedLanguages: [ENGLISH, FRENCH, GERMAN, HUNGARIAN, RUSSIAN]
00:43:43.102 [FXGL Background Thread 3 ] DEBUG Engine               - ticksPerSecond: -1
00:43:43.102 [FXGL Background Thread 3 ] DEBUG Engine               - title: Rancher's Delight
00:43:43.102 [FXGL Background Thread 3 ] DEBUG Engine               - urlGithub: https://github.com/AlmasB/FXGL
00:43:43.102 [FXGL Background Thread 3 ] DEBUG Engine               - urlLeaderboard: http://fxgl-top.herokuapp.com/
00:43:43.102 [FXGL Background Thread 3 ] DEBUG Engine               - urlPOM: https://raw.githubusercontent.com/AlmasB/FXGL/release/README.md
00:43:43.102 [FXGL Background Thread 3 ] DEBUG Engine               - userAppClass: class com.example.ranchers_delight.GameApp
00:43:43.102 [FXGL Background Thread 3 ] DEBUG Engine               - version: 1.0
00:43:43.102 [FXGL Background Thread 3 ] DEBUG Engine               - versionCheckDays: 7
00:43:43.102 [FXGL Background Thread 3 ] DEBUG Engine               - width: 1000
00:43:43.102 [FXGL Background Thread 3 ] DEBUG Engine               - Logging services
00:43:43.102 [FXGL Background Thread 3 ] DEBUG Engine               - class com.almasb.fxgl.app.services.FXGLAssetLoaderService
00:43:43.102 [FXGL Background Thread 3 ] DEBUG Engine               - class com.almasb.fxgl.app.FXGLApplication$GameApplicationService
00:43:43.102 [FXGL Background Thread 3 ] DEBUG Engine               - class com.almasb.fxgl.app.services.FXGLDialogService
00:43:43.102 [FXGL Background Thread 3 ] DEBUG Engine               - class com.almasb.fxgl.app.services.IOTaskExecutorService
00:43:43.102 [FXGL Background Thread 3 ] DEBUG Engine               - class com.almasb.fxgl.io.FileSystemService
00:43:43.102 [FXGL Background Thread 3 ] DEBUG Engine               - class com.almasb.fxgl.localization.LocalizationService
00:43:43.102 [FXGL Background Thread 3 ] DEBUG Engine               - class com.almasb.fxgl.app.services.SystemBundleService
00:43:43.102 [FXGL Background Thread 3 ] DEBUG Engine               - class com.almasb.fxgl.profile.SaveLoadService
00:43:43.102 [FXGL Background Thread 3 ] DEBUG Engine               - class com.almasb.fxgl.ui.FXGLUIFactoryServiceProvider
00:43:43.102 [FXGL Background Thread 3 ] DEBUG Engine               - class com.almasb.fxgl.ui.FXGLDialogFactoryServiceProvider
00:43:43.102 [FXGL Background Thread 3 ] DEBUG Engine               - class com.almasb.fxgl.audio.AudioPlayer
00:43:43.102 [FXGL Background Thread 3 ] DEBUG Engine               - class com.almasb.fxgl.notification.impl.NotificationServiceProvider
00:43:43.102 [FXGL Background Thread 3 ] DEBUG Engine               - class com.almasb.fxgl.achievement.AchievementService
00:43:43.102 [FXGL Background Thread 3 ] DEBUG Engine               - class com.almasb.fxgl.cutscene.CutsceneService
00:43:43.102 [FXGL Background Thread 3 ] DEBUG Engine               - class com.almasb.fxgl.minigames.MiniGameService
00:43:43.102 [FXGL Background Thread 3 ] DEBUG Engine               - class com.almasb.fxgl.net.NetService
00:43:43.102 [FXGL Background Thread 3 ] DEBUG Engine               - class com.almasb.fxgl.app.services.UpdaterService
00:43:43.102 [FXGL Background Thread 3 ] DEBUG Engine               - class com.almasb.fxgl.dev.DevService
00:43:49.465 [JavaFX Application Thread] DEBUG FXGLApplication      - Exiting FXGL
00:43:49.465 [JavaFX Application Thread] DEBUG LoopRunner           - Stopping loop
00:43:49.465 [JavaFX Application Thread] DEBUG SystemBundleService  - Saving FXGL system data
00:43:49.467 [JavaFX Application Thread] DEBUG FileSystemAccess     - Writing to: /home/alex/IdeaProjects/ranchers_delight/system/fxgl.bundle
00:43:49.468 [JavaFX Application Thread] DEBUG Async                - Shutting down background threads
00:43:49.469 [JavaFX Application Thread] DEBUG PrimaryStageWindow   - Closing main window
00:43:49.471 [JavaFX Application Thread] DEBUG Logger               - Closing Logger
