16:18:00.955 [main                     ] DEBUG Logger               - Configured Logger
16:18:00.971 [main                     ] DEBUG GameApplication      - Logging settings
Title: Rancher's Delight
Version: 1.0
Width: 1000
Height: 1000
Fullscreen: false
Intro: false
Profiling: false
Single step:false
App Mode: DEVELOPER
Menu Key: ESCAPE
Stage Style: DECORATED
Scene Factory: class com.almasb.fxgl.app.scene.SceneFactory

16:18:01.432 [JavaFX Application Thread] DEBUG FXGLApplication      - Initializing FXGL
16:18:01.437 [JavaFX Application Thread] INFO  Engine               - FXGL-17.3 (30.03.2023 11.49) on LINUX (J:25.0.2 FX:21.0.6)
16:18:01.437 [JavaFX Application Thread] DEBUG Engine               - JRE Vendor Name: Oracle Corporation
16:18:01.437 [JavaFX Application Thread] DEBUG Engine               - Running on OS: Linux version 6.18.13-arch1-1
16:18:01.437 [JavaFX Application Thread] DEBUG Engine               - Architecture: amd64
16:18:01.438 [JavaFX Application Thread] INFO  Engine               - Source code and latest versions at: https://github.com/AlmasB/FXGL
16:18:01.438 [JavaFX Application Thread] INFO  Engine               -       Ask questions and discuss at: https://github.com/AlmasB/FXGL/discussions
16:18:01.438 [JavaFX Application Thread] INFO  Engine               -              Join the FXGL chat at: https://gitter.im/AlmasB/FXGL
16:18:01.562 [JavaFX Application Thread] DEBUG PrimaryStageWindow   - Creating a JavaFX scene
16:18:01.634 [JavaFX Application Thread] DEBUG PrimaryStageWindow   - Target settings size: 1000.0 x 1000.0
16:18:01.634 [JavaFX Application Thread] DEBUG PrimaryStageWindow   - Scaled scene size:    1000.0 x 1000.0
16:18:01.634 [JavaFX Application Thread] DEBUG PrimaryStageWindow   - Scaled ratio: (1.0, 1.0)
16:18:01.635 [JavaFX Application Thread] DEBUG PrimaryStageWindow   - Set initial scene to FXGLStartupScene
16:18:01.640 [JavaFX Application Thread] DEBUG PrimaryStageWindow   - Opening main window
16:18:01.741 [JavaFX Application Thread] DEBUG PrimaryStageWindow   - Window border size: (0.0, 35.0)
16:18:01.741 [JavaFX Application Thread] DEBUG PrimaryStageWindow   - Scaled size: 1000.0 x 965.0
16:18:01.741 [JavaFX Application Thread] DEBUG PrimaryStageWindow   - Scaled ratio: (1.0, 0.965)
16:18:01.741 [JavaFX Application Thread] DEBUG PrimaryStageWindow   - Scene size: 1000.0 x 1000.0
16:18:01.741 [JavaFX Application Thread] DEBUG PrimaryStageWindow   - Stage size: 1000.0 x 1000.0
16:18:01.751 [FXGL Background Thread 1 ] DEBUG Engine               - Initializing environment variables
16:18:01.828 [FXGL Background Thread 1 ] DEBUG FXGLAssetLoaderServi - User app class for loading assets: class com.example.ranchers_delight.GameApp
16:18:01.828 [FXGL Background Thread 1 ] DEBUG GameApplicationServi - Applying CSS: fxgl_dark.css
16:18:01.829 [FXGL Background Thread 1 ] DEBUG FXGLAssetLoaderServi - Loading from file system: jar:file:///home/alex/.m2/repository/com/github/almasb/fxgl/17.3/fxgl-17.3.jar!/fxglassets/ui/css/fxgl_dark.css
16:18:01.898 [FXGL Background Thread 1 ] DEBUG GameApplicationServi - Initializing application scenes
16:18:01.949 [FXGL Background Thread 1 ] DEBUG GameWorld            - Game world initialized
16:18:02.054 [FXGL Background Thread 1 ] DEBUG PhysicsWorld         - Physics world initialized: appHeight=1000, physics.ppm=50.0
16:18:02.054 [FXGL Background Thread 1 ] DEBUG PhysicsWorld         - Using strategy: BRUTE_FORCE
16:18:02.060 [FXGL Background Thread 1 ] DEBUG GameScene            - Game scene initialized: 1000x1000
16:18:02.080 [FXGL Background Thread 1 ] DEBUG FXGL.DefaultMenu     - createMenuBodyGameMenu()
16:18:02.104 [FXGL Background Thread 1 ] DEBUG FXGL.DefaultMenu     - createOptionsMenu()
16:18:02.121 [FXGL Background Thread 1 ] DEBUG FXGLAssetLoaderServi - Loading from file system: jar:file:///home/alex/.m2/repository/com/github/almasb/fxgl/17.3/fxgl-17.3.jar!/fxglassets/textures/particles/smoke.png
16:18:02.234 [FXGL Background Thread 1 ] DEBUG FXGLAssetLoaderServi - Loading from file system: jar:file:///home/alex/.m2/repository/com/github/almasb/fxgl/17.3/fxgl-17.3.jar!/fxglassets/textures/particles/trace_horizontal.png
16:18:02.258 [FXGL Background Thread 1 ] DEBUG GameApplicationServi - Application scenes initialized
16:18:02.272 [FXGL Background Thread 1 ] DEBUG SystemBundleService  - Loading FXGL system data
16:18:02.281 [FXGL Background Thread 1 ] DEBUG FileSystemAccess     - Reading from: /home/alex/IdeaProjects/ranchers_delight/system/fxgl.bundle
16:18:02.295 [FXGL Background Thread 1 ] DEBUG SystemBundleService  - Bundle FXGL: {}
16:18:02.295 [FXGL Background Thread 1 ] DEBUG UpdaterService       - Checking for updates
16:18:02.304 [FXGL Background Thread 4 ] DEBUG FXGLApplication      - Loading fonts
16:18:02.305 [FXGL Background Thread 4 ] DEBUG FXGLAssetLoaderServi - Loading from file system: jar:file:///home/alex/.m2/repository/com/github/almasb/fxgl/17.3/fxgl-17.3.jar!/fxglassets/ui/fonts/VarelaRound-Regular.ttf
16:18:02.305 [FXGL Background Thread 1 ] DEBUG FXGLApplication      - Loading default localization
16:18:02.306 [FXGL Background Thread 1 ] DEBUG FXGLAssetLoaderServi - Loading from file system: jar:file:///home/alex/.m2/repository/com/github/almasb/fxgl/17.3/fxgl-17.3.jar!/fxglassets/languages/english.lang
16:18:02.333 [FXGL Background Thread 4 ] DEBUG FXGLAssetLoaderServi - Loading from file system: jar:file:///home/alex/.m2/repository/com/github/almasb/fxgl/17.3/fxgl-17.3.jar!/fxglassets/ui/fonts/Abel-Regular.ttf
16:18:02.335 [FXGL Background Thread 4 ] DEBUG FXGLAssetLoaderServi - Loading from file system: jar:file:///home/alex/.m2/repository/com/github/almasb/fxgl/17.3/fxgl-17.3.jar!/fxglassets/ui/fonts/TerminalLandMono-Regular.otf
16:18:02.338 [FXGL Background Thread 4 ] DEBUG FXGLAssetLoaderServi - Loading from file system: jar:file:///home/alex/.m2/repository/com/github/almasb/fxgl/17.3/fxgl-17.3.jar!/fxglassets/ui/fonts/Courier-Prime.ttf
16:18:02.342 [FXGL Background Thread 1 ] INFO  FXGLApplication      - FXGL initialization took: 0.591 sec
16:18:02.354 [JavaFX Application Thread] DEBUG Input                - Registered new binding: action0 - W
16:18:02.355 [JavaFX Application Thread] DEBUG Input                - Registered new binding: action1 - S
16:18:02.356 [JavaFX Application Thread] DEBUG Input                - Registered new binding: action2 - A
16:18:02.357 [JavaFX Application Thread] DEBUG Input                - Registered new binding: action3 - D
16:18:02.358 [JavaFX Application Thread] DEBUG FXGLAssetLoaderServi - Loading from file system: jar:file:///home/alex/.m2/repository/com/github/almasb/fxgl/17.3/fxgl-17.3.jar!/fxglassets/textures/fxgl_icon.png
16:18:02.384 [JavaFX Application Thread] DEBUG FXGLAssetLoaderServi - Loading from file system: jar:file:///home/alex/.m2/repository/com/github/almasb/fxgl/17.3/fxgl-17.3.jar!/fxglassets/textures/fxgl_default_cursor.png
16:18:02.388 [JavaFX Application Thread] DEBUG Input                - Registered new binding: Screenshot - CTRL+8
16:18:02.388 [JavaFX Application Thread] DEBUG Input                - Registered new binding: System info dump - CTRL+9
16:18:02.389 [JavaFX Application Thread] DEBUG Input                - Registered new binding: Restart - CTRL+R
16:18:02.390 [JavaFX Application Thread] DEBUG Input                - Registered new binding: Toggle Debug Camera - CTRL+7
16:18:02.394 [JavaFX Application Thread] DEBUG LoopRunner           - Starting loop
16:18:02.395 [JavaFX Application Thread] DEBUG LoopRunner           - Initializing JavaFX AnimationTimerLoop
16:18:02.396 [JavaFX Application Thread] DEBUG GameApplicationServi - Starting new game
16:18:02.397 [JavaFX Application Thread] DEBUG Input                - Clearing active input actions
16:18:02.415 [JavaFX Application Thread] DEBUG GameApplicationServi - Removing overlay from FXGLStartupScene and adding to FXGLLoadingScene
16:18:02.415 [JavaFX Application Thread] DEBUG PrimaryStageWindow   - FXGLStartupScene -> FXGLLoadingScene
16:18:02.416 [JavaFX Application Thread] DEBUG GameApplicationServi - Clearing previous game
16:18:02.416 [JavaFX Application Thread] DEBUG GameScene            - Clearing game scene
16:18:02.416 [JavaFX Application Thread] DEBUG GameWorld            - Clearing game world
16:18:02.416 [JavaFX Application Thread] DEBUG PhysicsWorld         - Clearing physics world
16:18:02.419 [JavaFX Application Thread] DEBUG FXGLApplication      - Registering font factories with UI factory
16:18:02.420 [FXGL Background Thread 4 ] DEBUG FXGLApplication      - Initializing game
16:18:02.770 [FXGL Background Thread 4 ] INFO  FXGLApplication      - Game initialization took: 0.351 sec
16:18:02.772 [JavaFX Application Thread] DEBUG Input                - Clearing active input actions
16:18:02.804 [JavaFX Application Thread] DEBUG GameApplicationServi - Removing overlay from FXGLLoadingScene and adding to GameScene
16:18:02.805 [JavaFX Application Thread] DEBUG PrimaryStageWindow   - FXGLLoadingScene -> GameScene
16:18:03.074 [FXGL Background Thread 2 ] INFO  UpdaterService       - Your current version:  17.3
16:18:03.074 [FXGL Background Thread 2 ] INFO  UpdaterService       - Latest stable version: 25
16:18:05.301 [FXGL Background Thread 3 ] DEBUG Engine               - Logging environment variables
16:18:05.303 [FXGL Background Thread 3 ] DEBUG Engine               - achievements: []
16:18:05.304 [FXGL Background Thread 3 ] DEBUG Engine               - actualHeight: 965.0
16:18:05.304 [FXGL Background Thread 3 ] DEBUG Engine               - actualHeightProperty: ReadOnlyDoubleProperty [value: 965.0]
16:18:05.304 [FXGL Background Thread 3 ] DEBUG Engine               - actualWidth: 1000.0
16:18:05.304 [FXGL Background Thread 3 ] DEBUG Engine               - actualWidthProperty: ReadOnlyDoubleProperty [value: 1000.0]
16:18:05.304 [FXGL Background Thread 3 ] DEBUG Engine               - appIcon: fxgl_icon.png
16:18:05.304 [FXGL Background Thread 3 ] DEBUG Engine               - applicationMode: DEVELOPER
16:18:05.304 [FXGL Background Thread 3 ] DEBUG Engine               - cSSList: [fxgl_dark.css]
16:18:05.304 [FXGL Background Thread 3 ] DEBUG Engine               - collisionDetectionStrategy: BRUTE_FORCE
16:18:05.305 [FXGL Background Thread 3 ] DEBUG Engine               - configClass: Optional.empty
16:18:05.305 [FXGL Background Thread 3 ] DEBUG Engine               - credits: []
16:18:05.305 [FXGL Background Thread 3 ] DEBUG Engine               - defaultCursor: CursorInfo(imageName=fxgl_default_cursor.png, hotspotX=7.0, hotspotY=6.0)
16:18:05.306 [FXGL Background Thread 3 ] DEBUG Engine               - devBBoxColorProperty: ObjectProperty [value: 0xff0000ff]
16:18:05.306 [FXGL Background Thread 3 ] DEBUG Engine               - devEnableDebugCameraProperty: BooleanProperty [value: false]
16:18:05.306 [FXGL Background Thread 3 ] DEBUG Engine               - devSensorColorProperty: ObjectProperty [value: 0xffff00ff]
16:18:05.306 [FXGL Background Thread 3 ] DEBUG Engine               - devShowBBoxProperty: BooleanProperty [value: false]
16:18:05.306 [FXGL Background Thread 3 ] DEBUG Engine               - devShowPositionProperty: BooleanProperty [value: false]
16:18:05.306 [FXGL Background Thread 3 ] DEBUG Engine               - enabledMenuItems: []
16:18:05.306 [FXGL Background Thread 3 ] DEBUG Engine               - engineServices: [class com.almasb.fxgl.app.services.FXGLAssetLoaderService, class com.almasb.fxgl.app.FXGLApplication$GameApplicationService, class com.almasb.fxgl.app.services.FXGLDialogService, class com.almasb.fxgl.app.services.IOTaskExecutorService, class com.almasb.fxgl.io.FileSystemService, class com.almasb.fxgl.localization.LocalizationService, class com.almasb.fxgl.app.services.SystemBundleService, class com.almasb.fxgl.profile.SaveLoadService, class com.almasb.fxgl.ui.FXGLUIFactoryServiceProvider, class com.almasb.fxgl.ui.FXGLDialogFactoryServiceProvider, class com.almasb.fxgl.audio.AudioPlayer, class com.almasb.fxgl.notification.impl.NotificationServiceProvider, class com.almasb.fxgl.achievement.AchievementService, class com.almasb.fxgl.cutscene.CutsceneService, class com.almasb.fxgl.minigames.MiniGameService, class com.almasb.fxgl.net.NetService, class com.almasb.fxgl.app.services.UpdaterService, class com.almasb.fxgl.dev.DevService]
16:18:05.307 [FXGL Background Thread 3 ] DEBUG Engine               - fontGame: Abel-Regular.ttf
16:18:05.307 [FXGL Background Thread 3 ] DEBUG Engine               - fontMono: TerminalLandMono-Regular.otf
16:18:05.307 [FXGL Background Thread 3 ] DEBUG Engine               - fontSizeScaleUI: 1.0
16:18:05.307 [FXGL Background Thread 3 ] DEBUG Engine               - fontText: Courier-Prime.ttf
16:18:05.307 [FXGL Background Thread 3 ] DEBUG Engine               - fontUI: VarelaRound-Regular.ttf
16:18:05.307 [FXGL Background Thread 3 ] DEBUG Engine               - fullScreen: BooleanProperty [value: false]
16:18:05.308 [FXGL Background Thread 3 ] DEBUG Engine               - gameDifficulty: MEDIUM
16:18:05.308 [FXGL Background Thread 3 ] DEBUG Engine               - gameDifficultyProperty: ObjectProperty [value: MEDIUM]
16:18:05.308 [FXGL Background Thread 3 ] DEBUG Engine               - globalMusicVolume: 0.5
16:18:05.308 [FXGL Background Thread 3 ] DEBUG Engine               - globalMusicVolumeProperty: DoubleProperty [value: 0.5]
16:18:05.308 [FXGL Background Thread 3 ] DEBUG Engine               - globalSoundVolume: 0.5
16:18:05.308 [FXGL Background Thread 3 ] DEBUG Engine               - globalSoundVolumeProperty: DoubleProperty [value: 0.5]
16:18:05.308 [FXGL Background Thread 3 ] DEBUG Engine               - height: 1000
16:18:05.309 [FXGL Background Thread 3 ] DEBUG Engine               - is3D: false
16:18:05.309 [FXGL Background Thread 3 ] DEBUG Engine               - isAndroid: false
16:18:05.309 [FXGL Background Thread 3 ] DEBUG Engine               - isBrowser: false
16:18:05.309 [FXGL Background Thread 3 ] DEBUG Engine               - isClickFeedbackEnabled: false
16:18:05.309 [FXGL Background Thread 3 ] DEBUG Engine               - isCloseConfirmation: false
16:18:05.309 [FXGL Background Thread 3 ] DEBUG Engine               - isDesktop: true
16:18:05.309 [FXGL Background Thread 3 ] DEBUG Engine               - isDeveloperMenuEnabled: false
16:18:05.309 [FXGL Background Thread 3 ] DEBUG Engine               - isEmbedded: false
16:18:05.309 [FXGL Background Thread 3 ] DEBUG Engine               - isEntityPreloadEnabled: true
16:18:05.310 [FXGL Background Thread 3 ] DEBUG Engine               - isExperimentalTiledLargeMap: false
16:18:05.310 [FXGL Background Thread 3 ] DEBUG Engine               - isFileSystemWriteAllowed: true
16:18:05.310 [FXGL Background Thread 3 ] DEBUG Engine               - isFullScreenAllowed: false
16:18:05.310 [FXGL Background Thread 3 ] DEBUG Engine               - isFullScreenFromStart: false
16:18:05.310 [FXGL Background Thread 3 ] DEBUG Engine               - isGameMenuEnabled: true
16:18:05.310 [FXGL Background Thread 3 ] DEBUG Engine               - isIOS: false
16:18:05.311 [FXGL Background Thread 3 ] DEBUG Engine               - isIntroEnabled: false
16:18:05.311 [FXGL Background Thread 3 ] DEBUG Engine               - isLinux: true
16:18:05.311 [FXGL Background Thread 3 ] DEBUG Engine               - isMac: false
16:18:05.311 [FXGL Background Thread 3 ] DEBUG Engine               - isMainMenuEnabled: false
16:18:05.311 [FXGL Background Thread 3 ] DEBUG Engine               - isManualResizeEnabled: false
16:18:05.311 [FXGL Background Thread 3 ] DEBUG Engine               - isMobile: false
16:18:05.312 [FXGL Background Thread 3 ] DEBUG Engine               - isNative: false
16:18:05.312 [FXGL Background Thread 3 ] DEBUG Engine               - isPauseMusicWhenMinimized: true
16:18:05.312 [FXGL Background Thread 3 ] DEBUG Engine               - isPreserveResizeRatio: false
16:18:05.312 [FXGL Background Thread 3 ] DEBUG Engine               - isProfilingEnabled: false
16:18:05.312 [FXGL Background Thread 3 ] DEBUG Engine               - isScaleAffectedOnResize: true
16:18:05.312 [FXGL Background Thread 3 ] DEBUG Engine               - isSingleStep: false
16:18:05.312 [FXGL Background Thread 3 ] DEBUG Engine               - isUserProfileEnabled: false
16:18:05.312 [FXGL Background Thread 3 ] DEBUG Engine               - isWindows: false
16:18:05.312 [FXGL Background Thread 3 ] DEBUG Engine               - language: ObjectProperty [value: ENGLISH]
16:18:05.313 [FXGL Background Thread 3 ] DEBUG Engine               - menuKey: ESCAPE
16:18:05.313 [FXGL Background Thread 3 ] DEBUG Engine               - mouseSensitivity: 0.2
16:18:05.313 [FXGL Background Thread 3 ] DEBUG Engine               - notificationViewClass: class com.almasb.fxgl.notification.view.XboxNotificationView
16:18:05.313 [FXGL Background Thread 3 ] DEBUG Engine               - pixelsPerMeter: 50.0
16:18:05.313 [FXGL Background Thread 3 ] DEBUG Engine               - platform: LINUX
16:18:05.313 [FXGL Background Thread 3 ] DEBUG Engine               - prefHeightProperty: ReadOnlyDoubleProperty [value: 1000.0]
16:18:05.313 [FXGL Background Thread 3 ] DEBUG Engine               - prefWidthProperty: ReadOnlyDoubleProperty [value: 1000.0]
16:18:05.313 [FXGL Background Thread 3 ] DEBUG Engine               - profileDir: profiles/
16:18:05.314 [FXGL Background Thread 3 ] DEBUG Engine               - profileName: StringProperty [value: DEFAULT]
16:18:05.314 [FXGL Background Thread 3 ] DEBUG Engine               - randomSeed: -1
16:18:05.314 [FXGL Background Thread 3 ] DEBUG Engine               - runtimeInfo: RuntimeInfo(platform=LINUX, version=17.3, build=30.03.2023 11.49)
16:18:05.314 [FXGL Background Thread 3 ] DEBUG Engine               - saveFileExt: sav
16:18:05.314 [FXGL Background Thread 3 ] DEBUG Engine               - scaledHeightProp$fxgl: DoubleProperty [bound, value: 965.0]
16:18:05.314 [FXGL Background Thread 3 ] DEBUG Engine               - scaledWidthProp$fxgl: DoubleProperty [bound, value: 1000.0]
16:18:05.314 [FXGL Background Thread 3 ] DEBUG Engine               - sceneFactory: com.almasb.fxgl.app.scene.SceneFactory@790db6df
16:18:05.314 [FXGL Background Thread 3 ] DEBUG Engine               - secondsIn24h: 60
16:18:05.314 [FXGL Background Thread 3 ] DEBUG Engine               - soundMenuBack: menu/back.wav
16:18:05.315 [FXGL Background Thread 3 ] DEBUG Engine               - soundMenuPress: menu/press.wav
16:18:05.315 [FXGL Background Thread 3 ] DEBUG Engine               - soundMenuSelect: menu/select.wav
16:18:05.315 [FXGL Background Thread 3 ] DEBUG Engine               - soundNotification: core/notification.wav
16:18:05.315 [FXGL Background Thread 3 ] DEBUG Engine               - stageStyle: DECORATED
16:18:05.315 [FXGL Background Thread 3 ] DEBUG Engine               - supportedLanguages: [ENGLISH, FRENCH, GERMAN, HUNGARIAN, RUSSIAN]
16:18:05.315 [FXGL Background Thread 3 ] DEBUG Engine               - ticksPerSecond: -1
16:18:05.315 [FXGL Background Thread 3 ] DEBUG Engine               - title: Rancher's Delight
16:18:05.315 [FXGL Background Thread 3 ] DEBUG Engine               - urlGithub: https://github.com/AlmasB/FXGL
16:18:05.315 [FXGL Background Thread 3 ] DEBUG Engine               - urlLeaderboard: http://fxgl-top.herokuapp.com/
16:18:05.315 [FXGL Background Thread 3 ] DEBUG Engine               - urlPOM: https://raw.githubusercontent.com/AlmasB/FXGL/release/README.md
16:18:05.315 [FXGL Background Thread 3 ] DEBUG Engine               - userAppClass: class com.example.ranchers_delight.GameApp
16:18:05.315 [FXGL Background Thread 3 ] DEBUG Engine               - version: 1.0
16:18:05.315 [FXGL Background Thread 3 ] DEBUG Engine               - versionCheckDays: 7
16:18:05.315 [FXGL Background Thread 3 ] DEBUG Engine               - width: 1000
16:18:05.315 [FXGL Background Thread 3 ] DEBUG Engine               - Logging services
16:18:05.316 [FXGL Background Thread 3 ] DEBUG Engine               - class com.almasb.fxgl.app.services.FXGLAssetLoaderService
16:18:05.316 [FXGL Background Thread 3 ] DEBUG Engine               - class com.almasb.fxgl.app.FXGLApplication$GameApplicationService
16:18:05.316 [FXGL Background Thread 3 ] DEBUG Engine               - class com.almasb.fxgl.app.services.FXGLDialogService
16:18:05.316 [FXGL Background Thread 3 ] DEBUG Engine               - class com.almasb.fxgl.app.services.IOTaskExecutorService
16:18:05.316 [FXGL Background Thread 3 ] DEBUG Engine               - class com.almasb.fxgl.io.FileSystemService
16:18:05.316 [FXGL Background Thread 3 ] DEBUG Engine               - class com.almasb.fxgl.localization.LocalizationService
16:18:05.316 [FXGL Background Thread 3 ] DEBUG Engine               - class com.almasb.fxgl.app.services.SystemBundleService
16:18:05.316 [FXGL Background Thread 3 ] DEBUG Engine               - class com.almasb.fxgl.profile.SaveLoadService
16:18:05.316 [FXGL Background Thread 3 ] DEBUG Engine               - class com.almasb.fxgl.ui.FXGLUIFactoryServiceProvider
16:18:05.316 [FXGL Background Thread 3 ] DEBUG Engine               - class com.almasb.fxgl.ui.FXGLDialogFactoryServiceProvider
16:18:05.316 [FXGL Background Thread 3 ] DEBUG Engine               - class com.almasb.fxgl.audio.AudioPlayer
16:18:05.316 [FXGL Background Thread 3 ] DEBUG Engine               - class com.almasb.fxgl.notification.impl.NotificationServiceProvider
16:18:05.316 [FXGL Background Thread 3 ] DEBUG Engine               - class com.almasb.fxgl.achievement.AchievementService
16:18:05.316 [FXGL Background Thread 3 ] DEBUG Engine               - class com.almasb.fxgl.cutscene.CutsceneService
16:18:05.316 [FXGL Background Thread 3 ] DEBUG Engine               - class com.almasb.fxgl.minigames.MiniGameService
16:18:05.316 [FXGL Background Thread 3 ] DEBUG Engine               - class com.almasb.fxgl.net.NetService
16:18:05.317 [FXGL Background Thread 3 ] DEBUG Engine               - class com.almasb.fxgl.app.services.UpdaterService
16:18:05.317 [FXGL Background Thread 3 ] DEBUG Engine               - class com.almasb.fxgl.dev.DevService
16:18:21.811 [JavaFX Application Thread] DEBUG FXGLApplication      - Exiting FXGL
16:18:21.812 [JavaFX Application Thread] DEBUG LoopRunner           - Stopping loop
16:18:21.812 [JavaFX Application Thread] DEBUG SystemBundleService  - Saving FXGL system data
16:18:21.817 [JavaFX Application Thread] DEBUG FileSystemAccess     - Writing to: /home/alex/IdeaProjects/ranchers_delight/system/fxgl.bundle
16:18:21.818 [JavaFX Application Thread] DEBUG Async                - Shutting down background threads
16:18:21.818 [JavaFX Application Thread] DEBUG PrimaryStageWindow   - Closing main window
16:18:21.822 [JavaFX Application Thread] DEBUG Logger               - Closing Logger
