13:38:01.930 [main                     ] DEBUG Logger               - Configured Logger
13:38:01.941 [main                     ] DEBUG GameApplication      - Logging settings
Title: Rancher's Delight
Version: 1.0
Width: 1000
Height: 1000
Fullscreen: false
Intro: false
Profiling: false
Single step:false
App Mode: DEVELOPER
Menu Key: ESCAPE
Stage Style: DECORATED
Scene Factory: class com.almasb.fxgl.app.scene.SceneFactory

13:38:02.380 [JavaFX Application Thread] DEBUG FXGLApplication      - Initializing FXGL
13:38:02.383 [JavaFX Application Thread] INFO  Engine               - FXGL-17.3 (30.03.2023 11.49) on LINUX (J:25.0.2 FX:21.0.6)
13:38:02.384 [JavaFX Application Thread] DEBUG Engine               - JRE Vendor Name: Oracle Corporation
13:38:02.384 [JavaFX Application Thread] DEBUG Engine               - Running on OS: Linux version 6.18.13-arch1-1
13:38:02.384 [JavaFX Application Thread] DEBUG Engine               - Architecture: amd64
13:38:02.384 [JavaFX Application Thread] INFO  Engine               - Source code and latest versions at: https://github.com/AlmasB/FXGL
13:38:02.384 [JavaFX Application Thread] INFO  Engine               -       Ask questions and discuss at: https://github.com/AlmasB/FXGL/discussions
13:38:02.384 [JavaFX Application Thread] INFO  Engine               -              Join the FXGL chat at: https://gitter.im/AlmasB/FXGL
13:38:02.515 [JavaFX Application Thread] DEBUG PrimaryStageWindow   - Creating a JavaFX scene
13:38:02.570 [JavaFX Application Thread] DEBUG PrimaryStageWindow   - Target settings size: 1000.0 x 1000.0
13:38:02.571 [JavaFX Application Thread] DEBUG PrimaryStageWindow   - Scaled scene size:    1000.0 x 1000.0
13:38:02.571 [JavaFX Application Thread] DEBUG PrimaryStageWindow   - Scaled ratio: (1.0, 1.0)
13:38:02.572 [JavaFX Application Thread] DEBUG PrimaryStageWindow   - Set initial scene to FXGLStartupScene
13:38:02.577 [JavaFX Application Thread] DEBUG PrimaryStageWindow   - Opening main window
13:38:02.694 [JavaFX Application Thread] DEBUG PrimaryStageWindow   - Window border size: (0.0, 35.0)
13:38:02.694 [JavaFX Application Thread] DEBUG PrimaryStageWindow   - Scaled size: 1000.0 x 965.0
13:38:02.694 [JavaFX Application Thread] DEBUG PrimaryStageWindow   - Scaled ratio: (1.0, 0.965)
13:38:02.695 [JavaFX Application Thread] DEBUG PrimaryStageWindow   - Scene size: 1000.0 x 1000.0
13:38:02.695 [JavaFX Application Thread] DEBUG PrimaryStageWindow   - Stage size: 1000.0 x 1000.0
13:38:02.701 [FXGL Background Thread 1 ] DEBUG Engine               - Initializing environment variables
13:38:02.745 [FXGL Background Thread 1 ] DEBUG FXGLAssetLoaderServi - User app class for loading assets: class com.example.ranchers_delight.GameApp
13:38:02.746 [FXGL Background Thread 1 ] DEBUG GameApplicationServi - Applying CSS: fxgl_dark.css
13:38:02.746 [FXGL Background Thread 1 ] DEBUG FXGLAssetLoaderServi - Loading from file system: jar:file:///home/alex/.m2/repository/com/github/almasb/fxgl/17.3/fxgl-17.3.jar!/fxglassets/ui/css/fxgl_dark.css
13:38:02.796 [FXGL Background Thread 1 ] DEBUG GameApplicationServi - Initializing application scenes
13:38:02.826 [FXGL Background Thread 1 ] DEBUG GameWorld            - Game world initialized
13:38:02.879 [FXGL Background Thread 1 ] DEBUG PhysicsWorld         - Physics world initialized: appHeight=1000, physics.ppm=50.0
13:38:02.880 [FXGL Background Thread 1 ] DEBUG PhysicsWorld         - Using strategy: BRUTE_FORCE
13:38:02.884 [FXGL Background Thread 1 ] DEBUG GameScene            - Game scene initialized: 1000x1000
13:38:02.896 [FXGL Background Thread 1 ] DEBUG FXGL.DefaultMenu     - createMenuBodyGameMenu()
13:38:02.913 [FXGL Background Thread 1 ] DEBUG FXGL.DefaultMenu     - createOptionsMenu()
13:38:02.926 [FXGL Background Thread 1 ] DEBUG FXGLAssetLoaderServi - Loading from file system: jar:file:///home/alex/.m2/repository/com/github/almasb/fxgl/17.3/fxgl-17.3.jar!/fxglassets/textures/particles/smoke.png
13:38:03.011 [FXGL Background Thread 1 ] DEBUG FXGLAssetLoaderServi - Loading from file system: jar:file:///home/alex/.m2/repository/com/github/almasb/fxgl/17.3/fxgl-17.3.jar!/fxglassets/textures/particles/trace_horizontal.png
13:38:03.041 [FXGL Background Thread 1 ] DEBUG GameApplicationServi - Application scenes initialized
13:38:03.057 [FXGL Background Thread 1 ] DEBUG SystemBundleService  - Loading FXGL system data
13:38:03.060 [FXGL Background Thread 1 ] DEBUG FileSystemAccess     - Reading from: /home/alex/IdeaProjects/ranchers_delight/system/fxgl.bundle
13:38:03.063 [FXGL Background Thread 1 ] DEBUG SystemBundleService  - Bundle FXGL: {}
13:38:03.063 [FXGL Background Thread 1 ] DEBUG UpdaterService       - Checking for updates
13:38:03.071 [FXGL Background Thread 4 ] DEBUG FXGLApplication      - Loading fonts
13:38:03.071 [FXGL Background Thread 4 ] DEBUG FXGLAssetLoaderServi - Loading from file system: jar:file:///home/alex/.m2/repository/com/github/almasb/fxgl/17.3/fxgl-17.3.jar!/fxglassets/ui/fonts/VarelaRound-Regular.ttf
13:38:03.072 [FXGL Background Thread 1 ] DEBUG FXGLApplication      - Loading default localization
13:38:03.073 [FXGL Background Thread 1 ] DEBUG FXGLAssetLoaderServi - Loading from file system: jar:file:///home/alex/.m2/repository/com/github/almasb/fxgl/17.3/fxgl-17.3.jar!/fxglassets/languages/english.lang
13:38:03.078 [FXGL Background Thread 4 ] DEBUG FXGLAssetLoaderServi - Loading from file system: jar:file:///home/alex/.m2/repository/com/github/almasb/fxgl/17.3/fxgl-17.3.jar!/fxglassets/ui/fonts/Abel-Regular.ttf
13:38:03.080 [FXGL Background Thread 4 ] DEBUG FXGLAssetLoaderServi - Loading from file system: jar:file:///home/alex/.m2/repository/com/github/almasb/fxgl/17.3/fxgl-17.3.jar!/fxglassets/ui/fonts/TerminalLandMono-Regular.otf
13:38:03.082 [FXGL Background Thread 4 ] DEBUG FXGLAssetLoaderServi - Loading from file system: jar:file:///home/alex/.m2/repository/com/github/almasb/fxgl/17.3/fxgl-17.3.jar!/fxglassets/ui/fonts/Courier-Prime.ttf
13:38:03.086 [JavaFX Application Thread] DEBUG FXGLApplication      - Registering font factories with UI factory
13:38:03.091 [FXGL Background Thread 1 ] INFO  FXGLApplication      - FXGL initialization took: 0.390 sec
13:38:03.102 [JavaFX Application Thread] DEBUG Input                - Registered new binding: action0 - W
13:38:03.102 [JavaFX Application Thread] DEBUG Input                - Registered new binding: action1 - S
13:38:03.103 [JavaFX Application Thread] DEBUG Input                - Registered new binding: action2 - A
13:38:03.104 [JavaFX Application Thread] DEBUG Input                - Registered new binding: action3 - D
13:38:03.104 [JavaFX Application Thread] DEBUG FXGLAssetLoaderServi - Loading from file system: jar:file:///home/alex/.m2/repository/com/github/almasb/fxgl/17.3/fxgl-17.3.jar!/fxglassets/textures/fxgl_icon.png
13:38:03.141 [JavaFX Application Thread] DEBUG FXGLAssetLoaderServi - Loading from file system: jar:file:///home/alex/.m2/repository/com/github/almasb/fxgl/17.3/fxgl-17.3.jar!/fxglassets/textures/fxgl_default_cursor.png
13:38:03.144 [JavaFX Application Thread] DEBUG Input                - Registered new binding: Screenshot - CTRL+8
13:38:03.145 [JavaFX Application Thread] DEBUG Input                - Registered new binding: System info dump - CTRL+9
13:38:03.145 [JavaFX Application Thread] DEBUG Input                - Registered new binding: Restart - CTRL+R
13:38:03.146 [JavaFX Application Thread] DEBUG Input                - Registered new binding: Toggle Debug Camera - CTRL+7
13:38:03.149 [JavaFX Application Thread] DEBUG LoopRunner           - Starting loop
13:38:03.149 [JavaFX Application Thread] DEBUG LoopRunner           - Initializing JavaFX AnimationTimerLoop
13:38:03.150 [JavaFX Application Thread] DEBUG GameApplicationServi - Starting new game
13:38:03.151 [JavaFX Application Thread] DEBUG Input                - Clearing active input actions
13:38:03.161 [JavaFX Application Thread] DEBUG GameApplicationServi - Removing overlay from FXGLStartupScene and adding to FXGLLoadingScene
13:38:03.161 [JavaFX Application Thread] DEBUG PrimaryStageWindow   - FXGLStartupScene -> FXGLLoadingScene
13:38:03.162 [JavaFX Application Thread] DEBUG GameApplicationServi - Clearing previous game
13:38:03.162 [JavaFX Application Thread] DEBUG GameScene            - Clearing game scene
13:38:03.162 [JavaFX Application Thread] DEBUG GameWorld            - Clearing game world
13:38:03.162 [JavaFX Application Thread] DEBUG PhysicsWorld         - Clearing physics world
13:38:03.163 [FXGL Background Thread 1 ] DEBUG FXGLApplication      - Initializing game
13:38:03.386 [FXGL Background Thread 1 ] INFO  FXGLApplication      - Game initialization took: 0.223 sec
13:38:03.402 [JavaFX Application Thread] DEBUG Input                - Clearing active input actions
13:38:03.421 [JavaFX Application Thread] DEBUG GameApplicationServi - Removing overlay from FXGLLoadingScene and adding to GameScene
13:38:03.422 [JavaFX Application Thread] DEBUG PrimaryStageWindow   - FXGLLoadingScene -> GameScene
13:38:03.900 [FXGL Background Thread 2 ] INFO  UpdaterService       - Your current version:  17.3
13:38:03.900 [FXGL Background Thread 2 ] INFO  UpdaterService       - Latest stable version: 25
13:38:06.068 [FXGL Background Thread 3 ] DEBUG Engine               - Logging environment variables
13:38:06.068 [FXGL Background Thread 3 ] DEBUG Engine               - achievements: []
13:38:06.068 [FXGL Background Thread 3 ] DEBUG Engine               - actualHeight: 965.0
13:38:06.069 [FXGL Background Thread 3 ] DEBUG Engine               - actualHeightProperty: ReadOnlyDoubleProperty [value: 965.0]
13:38:06.069 [FXGL Background Thread 3 ] DEBUG Engine               - actualWidth: 1000.0
13:38:06.069 [FXGL Background Thread 3 ] DEBUG Engine               - actualWidthProperty: ReadOnlyDoubleProperty [value: 1000.0]
13:38:06.069 [FXGL Background Thread 3 ] DEBUG Engine               - appIcon: fxgl_icon.png
13:38:06.069 [FXGL Background Thread 3 ] DEBUG Engine               - applicationMode: DEVELOPER
13:38:06.069 [FXGL Background Thread 3 ] DEBUG Engine               - cSSList: [fxgl_dark.css]
13:38:06.069 [FXGL Background Thread 3 ] DEBUG Engine               - collisionDetectionStrategy: BRUTE_FORCE
13:38:06.070 [FXGL Background Thread 3 ] DEBUG Engine               - configClass: Optional.empty
13:38:06.070 [FXGL Background Thread 3 ] DEBUG Engine               - credits: []
13:38:06.070 [FXGL Background Thread 3 ] DEBUG Engine               - defaultCursor: CursorInfo(imageName=fxgl_default_cursor.png, hotspotX=7.0, hotspotY=6.0)
13:38:06.070 [FXGL Background Thread 3 ] DEBUG Engine               - devBBoxColorProperty: ObjectProperty [value: 0xff0000ff]
13:38:06.070 [FXGL Background Thread 3 ] DEBUG Engine               - devEnableDebugCameraProperty: BooleanProperty [value: false]
13:38:06.071 [FXGL Background Thread 3 ] DEBUG Engine               - devSensorColorProperty: ObjectProperty [value: 0xffff00ff]
13:38:06.071 [FXGL Background Thread 3 ] DEBUG Engine               - devShowBBoxProperty: BooleanProperty [value: false]
13:38:06.071 [FXGL Background Thread 3 ] DEBUG Engine               - devShowPositionProperty: BooleanProperty [value: false]
13:38:06.071 [FXGL Background Thread 3 ] DEBUG Engine               - enabledMenuItems: []
13:38:06.071 [FXGL Background Thread 3 ] DEBUG Engine               - engineServices: [class com.almasb.fxgl.app.services.FXGLAssetLoaderService, class com.almasb.fxgl.app.FXGLApplication$GameApplicationService, class com.almasb.fxgl.app.services.FXGLDialogService, class com.almasb.fxgl.app.services.IOTaskExecutorService, class com.almasb.fxgl.io.FileSystemService, class com.almasb.fxgl.localization.LocalizationService, class com.almasb.fxgl.app.services.SystemBundleService, class com.almasb.fxgl.profile.SaveLoadService, class com.almasb.fxgl.ui.FXGLUIFactoryServiceProvider, class com.almasb.fxgl.ui.FXGLDialogFactoryServiceProvider, class com.almasb.fxgl.audio.AudioPlayer, class com.almasb.fxgl.notification.impl.NotificationServiceProvider, class com.almasb.fxgl.achievement.AchievementService, class com.almasb.fxgl.cutscene.CutsceneService, class com.almasb.fxgl.minigames.MiniGameService, class com.almasb.fxgl.net.NetService, class com.almasb.fxgl.app.services.UpdaterService, class com.almasb.fxgl.dev.DevService]
13:38:06.071 [FXGL Background Thread 3 ] DEBUG Engine               - fontGame: Abel-Regular.ttf
13:38:06.071 [FXGL Background Thread 3 ] DEBUG Engine               - fontMono: TerminalLandMono-Regular.otf
13:38:06.071 [FXGL Background Thread 3 ] DEBUG Engine               - fontSizeScaleUI: 1.0
13:38:06.072 [FXGL Background Thread 3 ] DEBUG Engine               - fontText: Courier-Prime.ttf
13:38:06.072 [FXGL Background Thread 3 ] DEBUG Engine               - fontUI: VarelaRound-Regular.ttf
13:38:06.072 [FXGL Background Thread 3 ] DEBUG Engine               - fullScreen: BooleanProperty [value: false]
13:38:06.072 [FXGL Background Thread 3 ] DEBUG Engine               - gameDifficulty: MEDIUM
13:38:06.072 [FXGL Background Thread 3 ] DEBUG Engine               - gameDifficultyProperty: ObjectProperty [value: MEDIUM]
13:38:06.072 [FXGL Background Thread 3 ] DEBUG Engine               - globalMusicVolume: 0.5
13:38:06.072 [FXGL Background Thread 3 ] DEBUG Engine               - globalMusicVolumeProperty: DoubleProperty [value: 0.5]
13:38:06.072 [FXGL Background Thread 3 ] DEBUG Engine               - globalSoundVolume: 0.5
13:38:06.072 [FXGL Background Thread 3 ] DEBUG Engine               - globalSoundVolumeProperty: DoubleProperty [value: 0.5]
13:38:06.073 [FXGL Background Thread 3 ] DEBUG Engine               - height: 1000
13:38:06.073 [FXGL Background Thread 3 ] DEBUG Engine               - is3D: false
13:38:06.073 [FXGL Background Thread 3 ] DEBUG Engine               - isAndroid: false
13:38:06.073 [FXGL Background Thread 3 ] DEBUG Engine               - isBrowser: false
13:38:06.073 [FXGL Background Thread 3 ] DEBUG Engine               - isClickFeedbackEnabled: false
13:38:06.073 [FXGL Background Thread 3 ] DEBUG Engine               - isCloseConfirmation: false
13:38:06.073 [FXGL Background Thread 3 ] DEBUG Engine               - isDesktop: true
13:38:06.073 [FXGL Background Thread 3 ] DEBUG Engine               - isDeveloperMenuEnabled: false
13:38:06.073 [FXGL Background Thread 3 ] DEBUG Engine               - isEmbedded: false
13:38:06.074 [FXGL Background Thread 3 ] DEBUG Engine               - isEntityPreloadEnabled: true
13:38:06.074 [FXGL Background Thread 3 ] DEBUG Engine               - isExperimentalTiledLargeMap: false
13:38:06.074 [FXGL Background Thread 3 ] DEBUG Engine               - isFileSystemWriteAllowed: true
13:38:06.074 [FXGL Background Thread 3 ] DEBUG Engine               - isFullScreenAllowed: false
13:38:06.074 [FXGL Background Thread 3 ] DEBUG Engine               - isFullScreenFromStart: false
13:38:06.074 [FXGL Background Thread 3 ] DEBUG Engine               - isGameMenuEnabled: true
13:38:06.074 [FXGL Background Thread 3 ] DEBUG Engine               - isIOS: false
13:38:06.074 [FXGL Background Thread 3 ] DEBUG Engine               - isIntroEnabled: false
13:38:06.074 [FXGL Background Thread 3 ] DEBUG Engine               - isLinux: true
13:38:06.075 [FXGL Background Thread 3 ] DEBUG Engine               - isMac: false
13:38:06.075 [FXGL Background Thread 3 ] DEBUG Engine               - isMainMenuEnabled: false
13:38:06.075 [FXGL Background Thread 3 ] DEBUG Engine               - isManualResizeEnabled: false
13:38:06.076 [FXGL Background Thread 3 ] DEBUG Engine               - isMobile: false
13:38:06.076 [FXGL Background Thread 3 ] DEBUG Engine               - isNative: false
13:38:06.076 [FXGL Background Thread 3 ] DEBUG Engine               - isPauseMusicWhenMinimized: true
13:38:06.076 [FXGL Background Thread 3 ] DEBUG Engine               - isPreserveResizeRatio: false
13:38:06.076 [FXGL Background Thread 3 ] DEBUG Engine               - isProfilingEnabled: false
13:38:06.076 [FXGL Background Thread 3 ] DEBUG Engine               - isScaleAffectedOnResize: true
13:38:06.076 [FXGL Background Thread 3 ] DEBUG Engine               - isSingleStep: false
13:38:06.076 [FXGL Background Thread 3 ] DEBUG Engine               - isUserProfileEnabled: false
13:38:06.076 [FXGL Background Thread 3 ] DEBUG Engine               - isWindows: false
13:38:06.076 [FXGL Background Thread 3 ] DEBUG Engine               - language: ObjectProperty [value: ENGLISH]
13:38:06.076 [FXGL Background Thread 3 ] DEBUG Engine               - menuKey: ESCAPE
13:38:06.076 [FXGL Background Thread 3 ] DEBUG Engine               - mouseSensitivity: 0.2
13:38:06.077 [FXGL Background Thread 3 ] DEBUG Engine               - notificationViewClass: class com.almasb.fxgl.notification.view.XboxNotificationView
13:38:06.077 [FXGL Background Thread 3 ] DEBUG Engine               - pixelsPerMeter: 50.0
13:38:06.077 [FXGL Background Thread 3 ] DEBUG Engine               - platform: LINUX
13:38:06.077 [FXGL Background Thread 3 ] DEBUG Engine               - prefHeightProperty: ReadOnlyDoubleProperty [value: 1000.0]
13:38:06.077 [FXGL Background Thread 3 ] DEBUG Engine               - prefWidthProperty: ReadOnlyDoubleProperty [value: 1000.0]
13:38:06.077 [FXGL Background Thread 3 ] DEBUG Engine               - profileDir: profiles/
13:38:06.077 [FXGL Background Thread 3 ] DEBUG Engine               - profileName: StringProperty [value: DEFAULT]
13:38:06.077 [FXGL Background Thread 3 ] DEBUG Engine               - randomSeed: -1
13:38:06.078 [FXGL Background Thread 3 ] DEBUG Engine               - runtimeInfo: RuntimeInfo(platform=LINUX, version=17.3, build=30.03.2023 11.49)
13:38:06.078 [FXGL Background Thread 3 ] DEBUG Engine               - saveFileExt: sav
13:38:06.078 [FXGL Background Thread 3 ] DEBUG Engine               - scaledHeightProp$fxgl: DoubleProperty [bound, value: 965.0]
13:38:06.078 [FXGL Background Thread 3 ] DEBUG Engine               - scaledWidthProp$fxgl: DoubleProperty [bound, value: 1000.0]
13:38:06.078 [FXGL Background Thread 3 ] DEBUG Engine               - sceneFactory: com.almasb.fxgl.app.scene.SceneFactory@59ea30a2
13:38:06.078 [FXGL Background Thread 3 ] DEBUG Engine               - secondsIn24h: 60
13:38:06.078 [FXGL Background Thread 3 ] DEBUG Engine               - soundMenuBack: menu/back.wav
13:38:06.078 [FXGL Background Thread 3 ] DEBUG Engine               - soundMenuPress: menu/press.wav
13:38:06.078 [FXGL Background Thread 3 ] DEBUG Engine               - soundMenuSelect: menu/select.wav
13:38:06.078 [FXGL Background Thread 3 ] DEBUG Engine               - soundNotification: core/notification.wav
13:38:06.078 [FXGL Background Thread 3 ] DEBUG Engine               - stageStyle: DECORATED
13:38:06.078 [FXGL Background Thread 3 ] DEBUG Engine               - supportedLanguages: [ENGLISH, FRENCH, GERMAN, HUNGARIAN, RUSSIAN]
13:38:06.079 [FXGL Background Thread 3 ] DEBUG Engine               - ticksPerSecond: -1
13:38:06.079 [FXGL Background Thread 3 ] DEBUG Engine               - title: Rancher's Delight
13:38:06.079 [FXGL Background Thread 3 ] DEBUG Engine               - urlGithub: https://github.com/AlmasB/FXGL
13:38:06.079 [FXGL Background Thread 3 ] DEBUG Engine               - urlLeaderboard: http://fxgl-top.herokuapp.com/
13:38:06.079 [FXGL Background Thread 3 ] DEBUG Engine               - urlPOM: https://raw.githubusercontent.com/AlmasB/FXGL/release/README.md
13:38:06.079 [FXGL Background Thread 3 ] DEBUG Engine               - userAppClass: class com.example.ranchers_delight.GameApp
13:38:06.079 [FXGL Background Thread 3 ] DEBUG Engine               - version: 1.0
13:38:06.079 [FXGL Background Thread 3 ] DEBUG Engine               - versionCheckDays: 7
13:38:06.079 [FXGL Background Thread 3 ] DEBUG Engine               - width: 1000
13:38:06.079 [FXGL Background Thread 3 ] DEBUG Engine               - Logging services
13:38:06.079 [FXGL Background Thread 3 ] DEBUG Engine               - class com.almasb.fxgl.app.services.FXGLAssetLoaderService
13:38:06.079 [FXGL Background Thread 3 ] DEBUG Engine               - class com.almasb.fxgl.app.FXGLApplication$GameApplicationService
13:38:06.080 [FXGL Background Thread 3 ] DEBUG Engine               - class com.almasb.fxgl.app.services.FXGLDialogService
13:38:06.080 [FXGL Background Thread 3 ] DEBUG Engine               - class com.almasb.fxgl.app.services.IOTaskExecutorService
13:38:06.080 [FXGL Background Thread 3 ] DEBUG Engine               - class com.almasb.fxgl.io.FileSystemService
13:38:06.080 [FXGL Background Thread 3 ] DEBUG Engine               - class com.almasb.fxgl.localization.LocalizationService
13:38:06.080 [FXGL Background Thread 3 ] DEBUG Engine               - class com.almasb.fxgl.app.services.SystemBundleService
13:38:06.080 [FXGL Background Thread 3 ] DEBUG Engine               - class com.almasb.fxgl.profile.SaveLoadService
13:38:06.080 [FXGL Background Thread 3 ] DEBUG Engine               - class com.almasb.fxgl.ui.FXGLUIFactoryServiceProvider
13:38:06.080 [FXGL Background Thread 3 ] DEBUG Engine               - class com.almasb.fxgl.ui.FXGLDialogFactoryServiceProvider
13:38:06.080 [FXGL Background Thread 3 ] DEBUG Engine               - class com.almasb.fxgl.audio.AudioPlayer
13:38:06.080 [FXGL Background Thread 3 ] DEBUG Engine               - class com.almasb.fxgl.notification.impl.NotificationServiceProvider
13:38:06.080 [FXGL Background Thread 3 ] DEBUG Engine               - class com.almasb.fxgl.achievement.AchievementService
13:38:06.080 [FXGL Background Thread 3 ] DEBUG Engine               - class com.almasb.fxgl.cutscene.CutsceneService
13:38:06.081 [FXGL Background Thread 3 ] DEBUG Engine               - class com.almasb.fxgl.minigames.MiniGameService
13:38:06.081 [FXGL Background Thread 3 ] DEBUG Engine               - class com.almasb.fxgl.net.NetService
13:38:06.081 [FXGL Background Thread 3 ] DEBUG Engine               - class com.almasb.fxgl.app.services.UpdaterService
13:38:06.081 [FXGL Background Thread 3 ] DEBUG Engine               - class com.almasb.fxgl.dev.DevService
13:38:19.937 [JavaFX Application Thread] DEBUG FXGLApplication      - Exiting FXGL
13:38:19.938 [JavaFX Application Thread] DEBUG LoopRunner           - Stopping loop
13:38:19.938 [JavaFX Application Thread] DEBUG SystemBundleService  - Saving FXGL system data
13:38:19.939 [JavaFX Application Thread] DEBUG FileSystemAccess     - Writing to: /home/alex/IdeaProjects/ranchers_delight/system/fxgl.bundle
13:38:19.940 [JavaFX Application Thread] DEBUG Async                - Shutting down background threads
13:38:19.940 [JavaFX Application Thread] DEBUG PrimaryStageWindow   - Closing main window
13:38:19.943 [JavaFX Application Thread] DEBUG Logger               - Closing Logger
