22:33:55.882 [main                     ] DEBUG Logger               - Configured Logger
22:33:55.894 [main                     ] DEBUG GameApplication      - Logging settings
Title: Rancher's Delight
Version: 1.0
Width: 1000
Height: 1000
Fullscreen: false
Intro: false
Profiling: false
Single step:false
App Mode: DEVELOPER
Menu Key: ESCAPE
Stage Style: DECORATED
Scene Factory: class com.almasb.fxgl.app.scene.SceneFactory

22:33:56.514 [JavaFX Application Thread] DEBUG FXGLApplication      - Initializing FXGL
22:33:56.518 [JavaFX Application Thread] INFO  Engine               - FXGL-17.3 (30.03.2023 11.49) on LINUX (J:25.0.2 FX:21.0.6)
22:33:56.518 [JavaFX Application Thread] DEBUG Engine               - JRE Vendor Name: Oracle Corporation
22:33:56.518 [JavaFX Application Thread] DEBUG Engine               - Running on OS: Linux version 6.18.13-arch1-1
22:33:56.518 [JavaFX Application Thread] DEBUG Engine               - Architecture: amd64
22:33:56.518 [JavaFX Application Thread] INFO  Engine               - Source code and latest versions at: https://github.com/AlmasB/FXGL
22:33:56.519 [JavaFX Application Thread] INFO  Engine               -       Ask questions and discuss at: https://github.com/AlmasB/FXGL/discussions
22:33:56.519 [JavaFX Application Thread] INFO  Engine               -              Join the FXGL chat at: https://gitter.im/AlmasB/FXGL
22:33:56.647 [JavaFX Application Thread] DEBUG PrimaryStageWindow   - Creating a JavaFX scene
22:33:56.698 [JavaFX Application Thread] DEBUG PrimaryStageWindow   - Target settings size: 1000.0 x 1000.0
22:33:56.699 [JavaFX Application Thread] DEBUG PrimaryStageWindow   - Scaled scene size:    1000.0 x 1000.0
22:33:56.699 [JavaFX Application Thread] DEBUG PrimaryStageWindow   - Scaled ratio: (1.0, 1.0)
22:33:56.701 [JavaFX Application Thread] DEBUG PrimaryStageWindow   - Set initial scene to FXGLStartupScene
22:33:56.707 [JavaFX Application Thread] DEBUG PrimaryStageWindow   - Opening main window
22:33:56.826 [JavaFX Application Thread] DEBUG PrimaryStageWindow   - Window border size: (0.0, 35.0)
22:33:56.827 [JavaFX Application Thread] DEBUG PrimaryStageWindow   - Scaled size: 1000.0 x 965.0
22:33:56.827 [JavaFX Application Thread] DEBUG PrimaryStageWindow   - Scaled ratio: (1.0, 0.965)
22:33:56.827 [JavaFX Application Thread] DEBUG PrimaryStageWindow   - Scene size: 1000.0 x 1000.0
22:33:56.827 [JavaFX Application Thread] DEBUG PrimaryStageWindow   - Stage size: 1000.0 x 1000.0
22:33:56.834 [FXGL Background Thread 1 ] DEBUG Engine               - Initializing environment variables
22:33:56.879 [FXGL Background Thread 1 ] DEBUG FXGLAssetLoaderServi - User app class for loading assets: class com.example.ranchers_delight.GameApp
22:33:56.879 [FXGL Background Thread 1 ] DEBUG GameApplicationServi - Applying CSS: fxgl_dark.css
22:33:56.880 [FXGL Background Thread 1 ] DEBUG FXGLAssetLoaderServi - Loading from file system: jar:file:///home/alex/.m2/repository/com/github/almasb/fxgl/17.3/fxgl-17.3.jar!/fxglassets/ui/css/fxgl_dark.css
22:33:56.941 [FXGL Background Thread 1 ] DEBUG GameApplicationServi - Initializing application scenes
22:33:56.985 [FXGL Background Thread 1 ] DEBUG GameWorld            - Game world initialized
22:33:57.056 [FXGL Background Thread 1 ] DEBUG PhysicsWorld         - Physics world initialized: appHeight=1000, physics.ppm=50.0
22:33:57.056 [FXGL Background Thread 1 ] DEBUG PhysicsWorld         - Using strategy: BRUTE_FORCE
22:33:57.061 [FXGL Background Thread 1 ] DEBUG GameScene            - Game scene initialized: 1000x1000
22:33:57.073 [FXGL Background Thread 1 ] DEBUG FXGL.DefaultMenu     - createMenuBodyGameMenu()
22:33:57.091 [FXGL Background Thread 1 ] DEBUG FXGL.DefaultMenu     - createOptionsMenu()
22:33:57.104 [FXGL Background Thread 1 ] DEBUG FXGLAssetLoaderServi - Loading from file system: jar:file:///home/alex/.m2/repository/com/github/almasb/fxgl/17.3/fxgl-17.3.jar!/fxglassets/textures/particles/smoke.png
22:33:57.230 [FXGL Background Thread 1 ] DEBUG FXGLAssetLoaderServi - Loading from file system: jar:file:///home/alex/.m2/repository/com/github/almasb/fxgl/17.3/fxgl-17.3.jar!/fxglassets/textures/particles/trace_horizontal.png
22:33:57.280 [FXGL Background Thread 1 ] DEBUG GameApplicationServi - Application scenes initialized
22:33:57.296 [FXGL Background Thread 1 ] DEBUG SystemBundleService  - Loading FXGL system data
22:33:57.298 [FXGL Background Thread 1 ] DEBUG FileSystemAccess     - Reading from: /home/alex/IdeaProjects/ranchers_delight/system/fxgl.bundle
22:33:57.301 [FXGL Background Thread 1 ] DEBUG SystemBundleService  - Bundle FXGL: {}
22:33:57.301 [FXGL Background Thread 1 ] DEBUG UpdaterService       - Checking for updates
22:33:57.307 [FXGL Background Thread 4 ] DEBUG FXGLApplication      - Loading fonts
22:33:57.307 [FXGL Background Thread 4 ] DEBUG FXGLAssetLoaderServi - Loading from file system: jar:file:///home/alex/.m2/repository/com/github/almasb/fxgl/17.3/fxgl-17.3.jar!/fxglassets/ui/fonts/VarelaRound-Regular.ttf
22:33:57.308 [FXGL Background Thread 1 ] DEBUG FXGLApplication      - Loading default localization
22:33:57.308 [FXGL Background Thread 1 ] DEBUG FXGLAssetLoaderServi - Loading from file system: jar:file:///home/alex/.m2/repository/com/github/almasb/fxgl/17.3/fxgl-17.3.jar!/fxglassets/languages/english.lang
22:33:57.317 [FXGL Background Thread 4 ] DEBUG FXGLAssetLoaderServi - Loading from file system: jar:file:///home/alex/.m2/repository/com/github/almasb/fxgl/17.3/fxgl-17.3.jar!/fxglassets/ui/fonts/Abel-Regular.ttf
22:33:57.320 [FXGL Background Thread 4 ] DEBUG FXGLAssetLoaderServi - Loading from file system: jar:file:///home/alex/.m2/repository/com/github/almasb/fxgl/17.3/fxgl-17.3.jar!/fxglassets/ui/fonts/TerminalLandMono-Regular.otf
22:33:57.322 [FXGL Background Thread 4 ] DEBUG FXGLAssetLoaderServi - Loading from file system: jar:file:///home/alex/.m2/repository/com/github/almasb/fxgl/17.3/fxgl-17.3.jar!/fxglassets/ui/fonts/Courier-Prime.ttf
22:33:57.325 [FXGL Background Thread 1 ] INFO  FXGLApplication      - FXGL initialization took: 0.490 sec
22:33:57.342 [JavaFX Application Thread] DEBUG Input                - Registered new binding: action0 - W
22:33:57.343 [JavaFX Application Thread] DEBUG Input                - Registered new binding: action1 - S
22:33:57.343 [JavaFX Application Thread] DEBUG Input                - Registered new binding: action2 - A
22:33:57.344 [JavaFX Application Thread] DEBUG Input                - Registered new binding: action3 - D
22:33:57.345 [JavaFX Application Thread] DEBUG FXGLAssetLoaderServi - Loading from file system: jar:file:///home/alex/.m2/repository/com/github/almasb/fxgl/17.3/fxgl-17.3.jar!/fxglassets/textures/fxgl_icon.png
22:33:57.386 [JavaFX Application Thread] DEBUG FXGLAssetLoaderServi - Loading from file system: jar:file:///home/alex/.m2/repository/com/github/almasb/fxgl/17.3/fxgl-17.3.jar!/fxglassets/textures/fxgl_default_cursor.png
22:33:57.387 [JavaFX Application Thread] DEBUG Input                - Registered new binding: Screenshot - CTRL+8
22:33:57.388 [JavaFX Application Thread] DEBUG Input                - Registered new binding: System info dump - CTRL+9
22:33:57.388 [JavaFX Application Thread] DEBUG Input                - Registered new binding: Restart - CTRL+R
22:33:57.389 [JavaFX Application Thread] DEBUG Input                - Registered new binding: Toggle Debug Camera - CTRL+7
22:33:57.391 [JavaFX Application Thread] DEBUG LoopRunner           - Starting loop
22:33:57.391 [JavaFX Application Thread] DEBUG LoopRunner           - Initializing JavaFX AnimationTimerLoop
22:33:57.392 [JavaFX Application Thread] DEBUG GameApplicationServi - Starting new game
22:33:57.393 [JavaFX Application Thread] DEBUG Input                - Clearing active input actions
22:33:57.427 [JavaFX Application Thread] DEBUG GameApplicationServi - Removing overlay from FXGLStartupScene and adding to FXGLLoadingScene
22:33:57.428 [JavaFX Application Thread] DEBUG PrimaryStageWindow   - FXGLStartupScene -> FXGLLoadingScene
22:33:57.428 [JavaFX Application Thread] DEBUG GameApplicationServi - Clearing previous game
22:33:57.428 [JavaFX Application Thread] DEBUG GameScene            - Clearing game scene
22:33:57.428 [JavaFX Application Thread] DEBUG GameWorld            - Clearing game world
22:33:57.428 [JavaFX Application Thread] DEBUG PhysicsWorld         - Clearing physics world
22:33:57.431 [JavaFX Application Thread] DEBUG FXGLApplication      - Registering font factories with UI factory
22:33:57.431 [FXGL Background Thread 4 ] DEBUG FXGLApplication      - Initializing game
22:33:57.627 [FXGL Background Thread 4 ] INFO  FXGLApplication      - Game initialization took: 0.196 sec
22:33:57.631 [JavaFX Application Thread] DEBUG Input                - Clearing active input actions
22:33:57.649 [JavaFX Application Thread] DEBUG GameApplicationServi - Removing overlay from FXGLLoadingScene and adding to GameScene
22:33:57.650 [JavaFX Application Thread] DEBUG PrimaryStageWindow   - FXGLLoadingScene -> GameScene
22:33:58.392 [FXGL Background Thread 2 ] INFO  UpdaterService       - Your current version:  17.3
22:33:58.392 [FXGL Background Thread 2 ] INFO  UpdaterService       - Latest stable version: 25
22:34:00.305 [FXGL Background Thread 3 ] DEBUG Engine               - Logging environment variables
22:34:00.306 [FXGL Background Thread 3 ] DEBUG Engine               - achievements: []
22:34:00.306 [FXGL Background Thread 3 ] DEBUG Engine               - actualHeight: 965.0
22:34:00.307 [FXGL Background Thread 3 ] DEBUG Engine               - actualHeightProperty: ReadOnlyDoubleProperty [value: 965.0]
22:34:00.307 [FXGL Background Thread 3 ] DEBUG Engine               - actualWidth: 1000.0
22:34:00.307 [FXGL Background Thread 3 ] DEBUG Engine               - actualWidthProperty: ReadOnlyDoubleProperty [value: 1000.0]
22:34:00.307 [FXGL Background Thread 3 ] DEBUG Engine               - appIcon: fxgl_icon.png
22:34:00.307 [FXGL Background Thread 3 ] DEBUG Engine               - applicationMode: DEVELOPER
22:34:00.307 [FXGL Background Thread 3 ] DEBUG Engine               - cSSList: [fxgl_dark.css]
22:34:00.307 [FXGL Background Thread 3 ] DEBUG Engine               - collisionDetectionStrategy: BRUTE_FORCE
22:34:00.308 [FXGL Background Thread 3 ] DEBUG Engine               - configClass: Optional.empty
22:34:00.308 [FXGL Background Thread 3 ] DEBUG Engine               - credits: []
22:34:00.308 [FXGL Background Thread 3 ] DEBUG Engine               - defaultCursor: CursorInfo(imageName=fxgl_default_cursor.png, hotspotX=7.0, hotspotY=6.0)
22:34:00.309 [FXGL Background Thread 3 ] DEBUG Engine               - devBBoxColorProperty: ObjectProperty [value: 0xff0000ff]
22:34:00.309 [FXGL Background Thread 3 ] DEBUG Engine               - devEnableDebugCameraProperty: BooleanProperty [value: false]
22:34:00.309 [FXGL Background Thread 3 ] DEBUG Engine               - devSensorColorProperty: ObjectProperty [value: 0xffff00ff]
22:34:00.309 [FXGL Background Thread 3 ] DEBUG Engine               - devShowBBoxProperty: BooleanProperty [value: false]
22:34:00.309 [FXGL Background Thread 3 ] DEBUG Engine               - devShowPositionProperty: BooleanProperty [value: false]
22:34:00.309 [FXGL Background Thread 3 ] DEBUG Engine               - enabledMenuItems: []
22:34:00.310 [FXGL Background Thread 3 ] DEBUG Engine               - engineServices: [class com.almasb.fxgl.app.services.FXGLAssetLoaderService, class com.almasb.fxgl.app.FXGLApplication$GameApplicationService, class com.almasb.fxgl.app.services.FXGLDialogService, class com.almasb.fxgl.app.services.IOTaskExecutorService, class com.almasb.fxgl.io.FileSystemService, class com.almasb.fxgl.localization.LocalizationService, class com.almasb.fxgl.app.services.SystemBundleService, class com.almasb.fxgl.profile.SaveLoadService, class com.almasb.fxgl.ui.FXGLUIFactoryServiceProvider, class com.almasb.fxgl.ui.FXGLDialogFactoryServiceProvider, class com.almasb.fxgl.audio.AudioPlayer, class com.almasb.fxgl.notification.impl.NotificationServiceProvider, class com.almasb.fxgl.achievement.AchievementService, class com.almasb.fxgl.cutscene.CutsceneService, class com.almasb.fxgl.minigames.MiniGameService, class com.almasb.fxgl.net.NetService, class com.almasb.fxgl.app.services.UpdaterService, class com.almasb.fxgl.dev.DevService]
22:34:00.310 [FXGL Background Thread 3 ] DEBUG Engine               - fontGame: Abel-Regular.ttf
22:34:00.310 [FXGL Background Thread 3 ] DEBUG Engine               - fontMono: TerminalLandMono-Regular.otf
22:34:00.310 [FXGL Background Thread 3 ] DEBUG Engine               - fontSizeScaleUI: 1.0
22:34:00.310 [FXGL Background Thread 3 ] DEBUG Engine               - fontText: Courier-Prime.ttf
22:34:00.310 [FXGL Background Thread 3 ] DEBUG Engine               - fontUI: VarelaRound-Regular.ttf
22:34:00.310 [FXGL Background Thread 3 ] DEBUG Engine               - fullScreen: BooleanProperty [value: false]
22:34:00.310 [FXGL Background Thread 3 ] DEBUG Engine               - gameDifficulty: MEDIUM
22:34:00.311 [FXGL Background Thread 3 ] DEBUG Engine               - gameDifficultyProperty: ObjectProperty [value: MEDIUM]
22:34:00.311 [FXGL Background Thread 3 ] DEBUG Engine               - globalMusicVolume: 0.5
22:34:00.311 [FXGL Background Thread 3 ] DEBUG Engine               - globalMusicVolumeProperty: DoubleProperty [value: 0.5]
22:34:00.311 [FXGL Background Thread 3 ] DEBUG Engine               - globalSoundVolume: 0.5
22:34:00.311 [FXGL Background Thread 3 ] DEBUG Engine               - globalSoundVolumeProperty: DoubleProperty [value: 0.5]
22:34:00.311 [FXGL Background Thread 3 ] DEBUG Engine               - height: 1000
22:34:00.311 [FXGL Background Thread 3 ] DEBUG Engine               - is3D: false
22:34:00.311 [FXGL Background Thread 3 ] DEBUG Engine               - isAndroid: false
22:34:00.311 [FXGL Background Thread 3 ] DEBUG Engine               - isBrowser: false
22:34:00.311 [FXGL Background Thread 3 ] DEBUG Engine               - isClickFeedbackEnabled: false
22:34:00.312 [FXGL Background Thread 3 ] DEBUG Engine               - isCloseConfirmation: false
22:34:00.312 [FXGL Background Thread 3 ] DEBUG Engine               - isDesktop: true
22:34:00.312 [FXGL Background Thread 3 ] DEBUG Engine               - isDeveloperMenuEnabled: false
22:34:00.312 [FXGL Background Thread 3 ] DEBUG Engine               - isEmbedded: false
22:34:00.312 [FXGL Background Thread 3 ] DEBUG Engine               - isEntityPreloadEnabled: true
22:34:00.312 [FXGL Background Thread 3 ] DEBUG Engine               - isExperimentalTiledLargeMap: false
22:34:00.312 [FXGL Background Thread 3 ] DEBUG Engine               - isFileSystemWriteAllowed: true
22:34:00.312 [FXGL Background Thread 3 ] DEBUG Engine               - isFullScreenAllowed: false
22:34:00.312 [FXGL Background Thread 3 ] DEBUG Engine               - isFullScreenFromStart: false
22:34:00.312 [FXGL Background Thread 3 ] DEBUG Engine               - isGameMenuEnabled: true
22:34:00.313 [FXGL Background Thread 3 ] DEBUG Engine               - isIOS: false
22:34:00.313 [FXGL Background Thread 3 ] DEBUG Engine               - isIntroEnabled: false
22:34:00.313 [FXGL Background Thread 3 ] DEBUG Engine               - isLinux: true
22:34:00.313 [FXGL Background Thread 3 ] DEBUG Engine               - isMac: false
22:34:00.313 [FXGL Background Thread 3 ] DEBUG Engine               - isMainMenuEnabled: false
22:34:00.313 [FXGL Background Thread 3 ] DEBUG Engine               - isManualResizeEnabled: false
22:34:00.315 [FXGL Background Thread 3 ] DEBUG Engine               - isMobile: false
22:34:00.315 [FXGL Background Thread 3 ] DEBUG Engine               - isNative: false
22:34:00.315 [FXGL Background Thread 3 ] DEBUG Engine               - isPauseMusicWhenMinimized: true
22:34:00.315 [FXGL Background Thread 3 ] DEBUG Engine               - isPreserveResizeRatio: false
22:34:00.315 [FXGL Background Thread 3 ] DEBUG Engine               - isProfilingEnabled: false
22:34:00.315 [FXGL Background Thread 3 ] DEBUG Engine               - isScaleAffectedOnResize: true
22:34:00.315 [FXGL Background Thread 3 ] DEBUG Engine               - isSingleStep: false
22:34:00.315 [FXGL Background Thread 3 ] DEBUG Engine               - isUserProfileEnabled: false
22:34:00.315 [FXGL Background Thread 3 ] DEBUG Engine               - isWindows: false
22:34:00.315 [FXGL Background Thread 3 ] DEBUG Engine               - language: ObjectProperty [value: ENGLISH]
22:34:00.316 [FXGL Background Thread 3 ] DEBUG Engine               - menuKey: ESCAPE
22:34:00.316 [FXGL Background Thread 3 ] DEBUG Engine               - mouseSensitivity: 0.2
22:34:00.316 [FXGL Background Thread 3 ] DEBUG Engine               - notificationViewClass: class com.almasb.fxgl.notification.view.XboxNotificationView
22:34:00.316 [FXGL Background Thread 3 ] DEBUG Engine               - pixelsPerMeter: 50.0
22:34:00.316 [FXGL Background Thread 3 ] DEBUG Engine               - platform: LINUX
22:34:00.316 [FXGL Background Thread 3 ] DEBUG Engine               - prefHeightProperty: ReadOnlyDoubleProperty [value: 1000.0]
22:34:00.316 [FXGL Background Thread 3 ] DEBUG Engine               - prefWidthProperty: ReadOnlyDoubleProperty [value: 1000.0]
22:34:00.316 [FXGL Background Thread 3 ] DEBUG Engine               - profileDir: profiles/
22:34:00.316 [FXGL Background Thread 3 ] DEBUG Engine               - profileName: StringProperty [value: DEFAULT]
22:34:00.316 [FXGL Background Thread 3 ] DEBUG Engine               - randomSeed: -1
22:34:00.317 [FXGL Background Thread 3 ] DEBUG Engine               - runtimeInfo: RuntimeInfo(platform=LINUX, version=17.3, build=30.03.2023 11.49)
22:34:00.317 [FXGL Background Thread 3 ] DEBUG Engine               - saveFileExt: sav
22:34:00.317 [FXGL Background Thread 3 ] DEBUG Engine               - scaledHeightProp$fxgl: DoubleProperty [bound, value: 965.0]
22:34:00.317 [FXGL Background Thread 3 ] DEBUG Engine               - scaledWidthProp$fxgl: DoubleProperty [bound, value: 1000.0]
22:34:00.317 [FXGL Background Thread 3 ] DEBUG Engine               - sceneFactory: com.almasb.fxgl.app.scene.SceneFactory@180e31fe
22:34:00.317 [FXGL Background Thread 3 ] DEBUG Engine               - secondsIn24h: 60
22:34:00.317 [FXGL Background Thread 3 ] DEBUG Engine               - soundMenuBack: menu/back.wav
22:34:00.317 [FXGL Background Thread 3 ] DEBUG Engine               - soundMenuPress: menu/press.wav
22:34:00.317 [FXGL Background Thread 3 ] DEBUG Engine               - soundMenuSelect: menu/select.wav
22:34:00.318 [FXGL Background Thread 3 ] DEBUG Engine               - soundNotification: core/notification.wav
22:34:00.318 [FXGL Background Thread 3 ] DEBUG Engine               - stageStyle: DECORATED
22:34:00.318 [FXGL Background Thread 3 ] DEBUG Engine               - supportedLanguages: [ENGLISH, FRENCH, GERMAN, HUNGARIAN, RUSSIAN]
22:34:00.318 [FXGL Background Thread 3 ] DEBUG Engine               - ticksPerSecond: -1
22:34:00.318 [FXGL Background Thread 3 ] DEBUG Engine               - title: Rancher's Delight
22:34:00.318 [FXGL Background Thread 3 ] DEBUG Engine               - urlGithub: https://github.com/AlmasB/FXGL
22:34:00.318 [FXGL Background Thread 3 ] DEBUG Engine               - urlLeaderboard: http://fxgl-top.herokuapp.com/
22:34:00.318 [FXGL Background Thread 3 ] DEBUG Engine               - urlPOM: https://raw.githubusercontent.com/AlmasB/FXGL/release/README.md
22:34:00.318 [FXGL Background Thread 3 ] DEBUG Engine               - userAppClass: class com.example.ranchers_delight.GameApp
22:34:00.318 [FXGL Background Thread 3 ] DEBUG Engine               - version: 1.0
22:34:00.318 [FXGL Background Thread 3 ] DEBUG Engine               - versionCheckDays: 7
22:34:00.318 [FXGL Background Thread 3 ] DEBUG Engine               - width: 1000
22:34:00.318 [FXGL Background Thread 3 ] DEBUG Engine               - Logging services
22:34:00.318 [FXGL Background Thread 3 ] DEBUG Engine               - class com.almasb.fxgl.app.services.FXGLAssetLoaderService
22:34:00.318 [FXGL Background Thread 3 ] DEBUG Engine               - class com.almasb.fxgl.app.FXGLApplication$GameApplicationService
22:34:00.319 [FXGL Background Thread 3 ] DEBUG Engine               - class com.almasb.fxgl.app.services.FXGLDialogService
22:34:00.319 [FXGL Background Thread 3 ] DEBUG Engine               - class com.almasb.fxgl.app.services.IOTaskExecutorService
22:34:00.319 [FXGL Background Thread 3 ] DEBUG Engine               - class com.almasb.fxgl.io.FileSystemService
22:34:00.319 [FXGL Background Thread 3 ] DEBUG Engine               - class com.almasb.fxgl.localization.LocalizationService
22:34:00.319 [FXGL Background Thread 3 ] DEBUG Engine               - class com.almasb.fxgl.app.services.SystemBundleService
22:34:00.319 [FXGL Background Thread 3 ] DEBUG Engine               - class com.almasb.fxgl.profile.SaveLoadService
22:34:00.319 [FXGL Background Thread 3 ] DEBUG Engine               - class com.almasb.fxgl.ui.FXGLUIFactoryServiceProvider
22:34:00.319 [FXGL Background Thread 3 ] DEBUG Engine               - class com.almasb.fxgl.ui.FXGLDialogFactoryServiceProvider
22:34:00.319 [FXGL Background Thread 3 ] DEBUG Engine               - class com.almasb.fxgl.audio.AudioPlayer
22:34:00.319 [FXGL Background Thread 3 ] DEBUG Engine               - class com.almasb.fxgl.notification.impl.NotificationServiceProvider
22:34:00.319 [FXGL Background Thread 3 ] DEBUG Engine               - class com.almasb.fxgl.achievement.AchievementService
22:34:00.319 [FXGL Background Thread 3 ] DEBUG Engine               - class com.almasb.fxgl.cutscene.CutsceneService
22:34:00.319 [FXGL Background Thread 3 ] DEBUG Engine               - class com.almasb.fxgl.minigames.MiniGameService
22:34:00.320 [FXGL Background Thread 3 ] DEBUG Engine               - class com.almasb.fxgl.net.NetService
22:34:00.320 [FXGL Background Thread 3 ] DEBUG Engine               - class com.almasb.fxgl.app.services.UpdaterService
22:34:00.320 [FXGL Background Thread 3 ] DEBUG Engine               - class com.almasb.fxgl.dev.DevService
22:34:21.413 [JavaFX Application Thread] DEBUG FXGLApplication      - Exiting FXGL
22:34:21.414 [JavaFX Application Thread] DEBUG LoopRunner           - Stopping loop
22:34:21.414 [JavaFX Application Thread] DEBUG SystemBundleService  - Saving FXGL system data
22:34:21.416 [JavaFX Application Thread] DEBUG FileSystemAccess     - Writing to: /home/alex/IdeaProjects/ranchers_delight/system/fxgl.bundle
22:34:21.417 [JavaFX Application Thread] DEBUG Async                - Shutting down background threads
22:34:21.418 [JavaFX Application Thread] DEBUG PrimaryStageWindow   - Closing main window
22:34:21.424 [JavaFX Application Thread] DEBUG Logger               - Closing Logger
